{"meta": {"format": 3, "version": "7.13.2", "timestamp": "2026-02-12T10:33:01.234849", "branch_coverage": false, "show_contexts": false}, "files": {"apps/artworks/admin.py": {"executed_lines": [12, 13, 14, 15, 17, 37, 40, 41, 42, 43, 46, 49, 50, 51, 52, 55, 58, 59, 60, 61, 64, 67, 68, 69, 72, 75, 76, 77, 80, 83, 84, 85, 86, 94, 95, 98, 109, 110, 111, 113, 127, 129, 137, 140, 141, 144, 152, 153, 154, 156, 163, 165, 169, 172, 173, 176, 177, 178, 179, 181, 189, 198, 201, 202, 205, 213, 214, 215, 217, 232, 235, 236, 239, 249, 250, 251, 253, 286, 287, 290, 299, 300, 301, 303, 315, 317, 326, 329, 330, 333, 334, 335, 336, 338, 350, 358, 361, 362, 365, 366, 367, 368, 370, 379, 380, 383, 391, 392, 393, 395, 404, 412, 415, 416, 419, 427, 428, 429, 431, 439, 441, 446, 454, 457, 458, 459, 460, 461, 463, 468, 469, 472, 483, 484, 485, 487, 507, 509, 511, 519, 521, 534, 536, 540, 542, 554, 556, 561, 563, 568, 570, 578, 581, 582, 585, 594, 595, 596, 598, 605, 613, 615, 630, 632, 636, 638, 642], "summary": {"covered_lines": 167, "num_statements": 221, "percent_covered": 75.56561085972851, "percent_covered_display": "76", "missing_lines": 54, "excluded_lines": 0, "percent_statements_covered": 75.56561085972851, "percent_statements_covered_display": "76"}, "missing_lines": [131, 132, 133, 167, 191, 192, 196, 319, 320, 324, 352, 353, 356, 406, 407, 410, 444, 465, 513, 514, 517, 523, 524, 525, 527, 528, 538, 544, 545, 546, 547, 548, 549, 550, 551, 552, 558, 559, 565, 566, 572, 573, 574, 575, 576, 607, 608, 611, 617, 623, 624, 634, 640, 644], "excluded_lines": [], "functions": {"ArtworkAdmin.progress_badge": {"executed_lines": [], "summary": {"covered_lines": 0, "num_statements": 3, "percent_covered": 0.0, "percent_covered_display": "0", "missing_lines": 3, "excluded_lines": 0, "percent_statements_covered": 0.0, "percent_statements_covered_display": "0"}, "missing_lines": [131, 132, 133], "excluded_lines": [], "start_line": 129}, "ChapterAdmin.plot_summary_preview": {"executed_lines": [], "summary": {"covered_lines": 0, "num_statements": 1, "percent_covered": 0.0, "percent_covered_display": "0", "missing_lines": 1, "excluded_lines": 0, "percent_statements_covered": 0.0, "percent_statements_covered_display": "0"}, "missing_lines": [167], "excluded_lines": [], "start_line": 165}, "PhysicalSceneAdmin.preview_image": {"executed_lines": [], "summary": {"covered_lines": 0, "num_statements": 3, "percent_covered": 0.0, "percent_covered_display": "0", "missing_lines": 3, "excluded_lines": 0, "percent_statements_covered": 0.0, "percent_statements_covered_display": "0"}, "missing_lines": [191, 192, 196], "excluded_lines": [], "start_line": 189}, "CharacterProfileAdmin.portrait_preview": {"executed_lines": [], "summary": {"covered_lines": 0, "num_statements": 3, "percent_covered": 0.0, "percent_covered_display": "0", "missing_lines": 3, "excluded_lines": 0, "percent_statements_covered": 0.0, "percent_statements_covered_display": "0"}, "missing_lines": [319, 320, 324], "excluded_lines": [], "start_line": 317}, "CharacterPoseAdmin.pose_preview": {"executed_lines": [], "summary": {"covered_lines": 0, "num_statements": 3, "percent_covered": 0.0, "percent_covered_display": "0", "missing_lines": 3, "excluded_lines": 0, "percent_statements_covered": 0.0, "percent_statements_covered_display": "0"}, "missing_lines": [352, 353, 356], "excluded_lines": [], "start_line": 350}, "ItemProfileAdmin.item_preview": {"executed_lines": [], "summary": {"covered_lines": 0, "num_statements": 3, "percent_covered": 0.0, "percent_covered_display": "0", "missing_lines": 3, "excluded_lines": 0, "percent_statements_covered": 0.0, "percent_statements_covered_display": "0"}, "missing_lines": [406, 407, 410], "excluded_lines": [], "start_line": 404}, "EngineConfigurationAdmin.test_health": {"executed_lines": [], "summary": {"covered_lines": 0, "num_statements": 1, "percent_covered": 0.0, "percent_covered_display": "0", "missing_lines": 1, "excluded_lines": 0, "percent_statements_covered": 0.0, "percent_statements_covered_display": "0"}, "missing_lines": [444], "excluded_lines": [], "start_line": 441}, "WorkflowEventInline.has_add_permission": {"executed_lines": [], "summary": {"covered_lines": 0, "num_statements": 1, "percent_covered": 0.0, "percent_covered_display": "0", "missing_lines": 1, "excluded_lines": 0, "percent_statements_covered": 0.0, "percent_statements_covered_display": "0"}, "missing_lines": [465], "excluded_lines": [], "start_line": 463}, "ChapterWorkflowAdmin.is_deleted_badge": {"executed_lines": [], "summary": {"covered_lines": 0, "num_statements": 3, "percent_covered": 0.0, "percent_covered_display": "0", "missing_lines": 3, "excluded_lines": 0, "percent_statements_covered": 0.0, "percent_statements_covered_display": "0"}, "missing_lines": [513, 514, 517], "excluded_lines": [], "start_line": 511}, "ChapterWorkflowAdmin.progress_badge": {"executed_lines": [], "summary": {"covered_lines": 0, "num_statements": 5, "percent_covered": 0.0, "percent_covered_display": "0", "missing_lines": 5, "excluded_lines": 0, "percent_statements_covered": 0.0, "percent_statements_covered_display": "0"}, "missing_lines": [523, 524, 525, 527, 528], "excluded_lines": [], "start_line": 521}, "ChapterWorkflowAdmin.scene_progress": {"executed_lines": [], "summary": {"covered_lines": 0, "num_statements": 1, "percent_covered": 0.0, "percent_covered_display": "0", "missing_lines": 1, "excluded_lines": 0, "percent_statements_covered": 0.0, "percent_statements_covered_display": "0"}, "missing_lines": [538], "excluded_lines": [], "start_line": 536}, "ChapterWorkflowAdmin.elapsed_time": {"executed_lines": [], "summary": {"covered_lines": 0, "num_statements": 9, "percent_covered": 0.0, "percent_covered_display": "0", "missing_lines": 9, "excluded_lines": 0, "percent_statements_covered": 0.0, "percent_statements_covered_display": "0"}, "missing_lines": [544, 545, 546, 547, 548, 549, 550, 551, 552], "excluded_lines": [], "start_line": 542}, "ChapterWorkflowAdmin.soft_delete_selected": {"executed_lines": [], "summary": {"covered_lines": 0, "num_statements": 2, "percent_covered": 0.0, "percent_covered_display": "0", "missing_lines": 2, "excluded_lines": 0, "percent_statements_covered": 0.0, "percent_statements_covered_display": "0"}, "missing_lines": [558, 559], "excluded_lines": [], "start_line": 556}, "ChapterWorkflowAdmin.recover_selected": {"executed_lines": [], "summary": {"covered_lines": 0, "num_statements": 2, "percent_covered": 0.0, "percent_covered_display": "0", "missing_lines": 2, "excluded_lines": 0, "percent_statements_covered": 0.0, "percent_statements_covered_display": "0"}, "missing_lines": [565, 566], "excluded_lines": [], "start_line": 563}, "ChapterWorkflowAdmin.hard_delete_selected": {"executed_lines": [], "summary": {"covered_lines": 0, "num_statements": 5, "percent_covered": 0.0, "percent_covered_display": "0", "missing_lines": 5, "excluded_lines": 0, "percent_statements_covered": 0.0, "percent_statements_covered_display": "0"}, "missing_lines": [572, 573, 574, 575, 576], "excluded_lines": [], "start_line": 570}, "WorkflowEventAdmin.is_deleted_badge": {"executed_lines": [], "summary": {"covered_lines": 0, "num_statements": 3, "percent_covered": 0.0, "percent_covered_display": "0", "missing_lines": 3, "excluded_lines": 0, "percent_statements_covered": 0.0, "percent_statements_covered_display": "0"}, "missing_lines": [607, 608, 611], "excluded_lines": [], "start_line": 605}, "WorkflowEventAdmin.severity_badge": {"executed_lines": [], "summary": {"covered_lines": 0, "num_statements": 3, "percent_covered": 0.0, "percent_covered_display": "0", "missing_lines": 3, "excluded_lines": 0, "percent_statements_covered": 0.0, "percent_statements_covered_display": "0"}, "missing_lines": [617, 623, 624], "excluded_lines": [], "start_line": 615}, "WorkflowEventAdmin.message_preview": {"executed_lines": [], "summary": {"covered_lines": 0, "num_statements": 1, "percent_covered": 0.0, "percent_covered_display": "0", "missing_lines": 1, "excluded_lines": 0, "percent_statements_covered": 0.0, "percent_statements_covered_display": "0"}, "missing_lines": [634], "excluded_lines": [], "start_line": 632}, "WorkflowEventAdmin.has_add_permission": {"executed_lines": [], "summary": {"covered_lines": 0, "num_statements": 1, "percent_covered": 0.0, "percent_covered_display": "0", "missing_lines": 1, "excluded_lines": 0, "percent_statements_covered": 0.0, "percent_statements_covered_display": "0"}, "missing_lines": [640], "excluded_lines": [], "start_line": 638}, "WorkflowEventAdmin.has_change_permission": {"executed_lines": [], "summary": {"covered_lines": 0, "num_statements": 1, "percent_covered": 0.0, "percent_covered_display": "0", "missing_lines": 1, "excluded_lines": 0, "percent_statements_covered": 0.0, "percent_statements_covered_display": "0"}, "missing_lines": [644], "excluded_lines": [], "start_line": 642}, "": {"executed_lines": [12, 13, 14, 15, 17, 37, 40, 41, 42, 43, 46, 49, 50, 51, 52, 55, 58, 59, 60, 61, 64, 67, 68, 69, 72, 75, 76, 77, 80, 83, 84, 85, 86, 94, 95, 98, 109, 110, 111, 113, 127, 129, 137, 140, 141, 144, 152, 153, 154, 156, 163, 165, 169, 172, 173, 176, 177, 178, 179, 181, 189, 198, 201, 202, 205, 213, 214, 215, 217, 232, 235, 236, 239, 249, 250, 251, 253, 286, 287, 290, 299, 300, 301, 303, 315, 317, 326, 329, 330, 333, 334, 335, 336, 338, 350, 358, 361, 362, 365, 366, 367, 368, 370, 379, 380, 383, 391, 392, 393, 395, 404, 412, 415, 416, 419, 427, 428, 429, 431, 439, 441, 446, 454, 457, 458, 459, 460, 461, 463, 468, 469, 472, 483, 484, 485, 487, 507, 509, 511, 519, 521, 534, 536, 540, 542, 554, 556, 561, 563, 568, 570, 578, 581, 582, 585, 594, 595, 596, 598, 605, 613, 615, 630, 632, 636, 638, 642], "summary": {"covered_lines": 167, "num_statements": 167, "percent_covered": 100.0, "percent_covered_display": "100", "missing_lines": 0, "excluded_lines": 0, "percent_statements_covered": 100.0, "percent_statements_covered_display": "100"}, "missing_lines": [], "excluded_lines": [], "start_line": 1}}, "classes": {"ChapterInline": {"executed_lines": [], "summary": {"covered_lines": 0, "num_statements": 0, "percent_covered": 100.0, "percent_covered_display": "100", "missing_lines": 0, "excluded_lines": 0, "percent_statements_covered": 100.0, "percent_statements_covered_display": "100"}, "missing_lines": [], "excluded_lines": [], "start_line": 37}, "CharacterInline": {"executed_lines": [], "summary": {"covered_lines": 0, "num_statements": 0, "percent_covered": 100.0, "percent_covered_display": "100", "missing_lines": 0, "excluded_lines": 0, "percent_statements_covered": 100.0, "percent_statements_covered_display": "100"}, "missing_lines": [], "excluded_lines": [], "start_line": 46}, "SceneInline": {"executed_lines": [], "summary": {"covered_lines": 0, "num_statements": 0, "percent_covered": 100.0, "percent_covered_display": "100", "missing_lines": 0, "excluded_lines": 0, "percent_statements_covered": 100.0, "percent_statements_covered_display": "100"}, "missing_lines": [], "excluded_lines": [], "start_line": 55}, "ShotInline": {"executed_lines": [], "summary": {"covered_lines": 0, "num_statements": 0, "percent_covered": 100.0, "percent_covered_display": "100", "missing_lines": 0, "excluded_lines": 0, "percent_statements_covered": 100.0, "percent_statements_covered_display": "100"}, "missing_lines": [], "excluded_lines": [], "start_line": 64}, "PoseInline": {"executed_lines": [], "summary": {"covered_lines": 0, "num_statements": 0, "percent_covered": 100.0, "percent_covered_display": "100", "missing_lines": 0, "excluded_lines": 0, "percent_statements_covered": 100.0, "percent_statements_covered_display": "100"}, "missing_lines": [], "excluded_lines": [], "start_line": 72}, "VoiceConfigInline": {"executed_lines": [], "summary": {"covered_lines": 0, "num_statements": 0, "percent_covered": 100.0, "percent_covered_display": "100", "missing_lines": 0, "excluded_lines": 0, "percent_statements_covered": 100.0, "percent_statements_covered_display": "100"}, "missing_lines": [], "excluded_lines": [], "start_line": 80}, "ArtworkAdmin": {"executed_lines": [], "summary": {"covered_lines": 0, "num_statements": 3, "percent_covered": 0.0, "percent_covered_display": "0", "missing_lines": 3, "excluded_lines": 0, "percent_statements_covered": 0.0, "percent_statements_covered_display": "0"}, "missing_lines": [131, 132, 133], "excluded_lines": [], "start_line": 95}, "ChapterAdmin": {"executed_lines": [], "summary": {"covered_lines": 0, "num_statements": 1, "percent_covered": 0.0, "percent_covered_display": "0", "missing_lines": 1, "excluded_lines": 0, "percent_statements_covered": 0.0, "percent_statements_covered_display": "0"}, "missing_lines": [167], "excluded_lines": [], "start_line": 141}, "PhysicalSceneAdmin": {"executed_lines": [], "summary": {"covered_lines": 0, "num_statements": 3, "percent_covered": 0.0, "percent_covered_display": "0", "missing_lines": 3, "excluded_lines": 0, "percent_statements_covered": 0.0, "percent_statements_covered_display": "0"}, "missing_lines": [191, 192, 196], "excluded_lines": [], "start_line": 173}, "ScriptSceneAdmin": {"executed_lines": [], "summary": {"covered_lines": 0, "num_statements": 0, "percent_covered": 100.0, "percent_covered_display": "100", "missing_lines": 0, "excluded_lines": 0, "percent_statements_covered": 100.0, "percent_statements_covered_display": "100"}, "missing_lines": [], "excluded_lines": [], "start_line": 202}, "ShotAdmin": {"executed_lines": [], "summary": {"covered_lines": 0, "num_statements": 0, "percent_covered": 100.0, "percent_covered_display": "100", "missing_lines": 0, "excluded_lines": 0, "percent_statements_covered": 100.0, "percent_statements_covered_display": "100"}, "missing_lines": [], "excluded_lines": [], "start_line": 236}, "CharacterProfileAdmin": {"executed_lines": [], "summary": {"covered_lines": 0, "num_statements": 3, "percent_covered": 0.0, "percent_covered_display": "0", "missing_lines": 3, "excluded_lines": 0, "percent_statements_covered": 0.0, "percent_statements_covered_display": "0"}, "missing_lines": [319, 320, 324], "excluded_lines": [], "start_line": 287}, "CharacterPoseAdmin": {"executed_lines": [], "summary": {"covered_lines": 0, "num_statements": 3, "percent_covered": 0.0, "percent_covered_display": "0", "missing_lines": 3, "excluded_lines": 0, "percent_statements_covered": 0.0, "percent_statements_covered_display": "0"}, "missing_lines": [352, 353, 356], "excluded_lines": [], "start_line": 330}, "CharacterVoiceConfigAdmin": {"executed_lines": [], "summary": {"covered_lines": 0, "num_statements": 0, "percent_covered": 100.0, "percent_covered_display": "100", "missing_lines": 0, "excluded_lines": 0, "percent_statements_covered": 100.0, "percent_statements_covered_display": "100"}, "missing_lines": [], "excluded_lines": [], "start_line": 362}, "ItemProfileAdmin": {"executed_lines": [], "summary": {"covered_lines": 0, "num_statements": 3, "percent_covered": 0.0, "percent_covered_display": "0", "missing_lines": 3, "excluded_lines": 0, "percent_statements_covered": 0.0, "percent_statements_covered_display": "0"}, "missing_lines": [406, 407, 410], "excluded_lines": [], "start_line": 380}, "EngineConfigurationAdmin": {"executed_lines": [], "summary": {"covered_lines": 0, "num_statements": 1, "percent_covered": 0.0, "percent_covered_display": "0", "missing_lines": 1, "excluded_lines": 0, "percent_statements_covered": 0.0, "percent_statements_covered_display": "0"}, "missing_lines": [444], "excluded_lines": [], "start_line": 416}, "WorkflowEventInline": {"executed_lines": [], "summary": {"covered_lines": 0, "num_statements": 1, "percent_covered": 0.0, "percent_covered_display": "0", "missing_lines": 1, "excluded_lines": 0, "percent_statements_covered": 0.0, "percent_statements_covered_display": "0"}, "missing_lines": [465], "excluded_lines": [], "start_line": 454}, "ChapterWorkflowAdmin": {"executed_lines": [], "summary": {"covered_lines": 0, "num_statements": 27, "percent_covered": 0.0, "percent_covered_display": "0", "missing_lines": 27, "excluded_lines": 0, "percent_statements_covered": 0.0, "percent_statements_covered_display": "0"}, "missing_lines": [513, 514, 517, 523, 524, 525, 527, 528, 538, 544, 545, 546, 547, 548, 549, 550, 551, 552, 558, 559, 565, 566, 572, 573, 574, 575, 576], "excluded_lines": [], "start_line": 469}, "WorkflowEventAdmin": {"executed_lines": [], "summary": {"covered_lines": 0, "num_statements": 9, "percent_covered": 0.0, "percent_covered_display": "0", "missing_lines": 9, "excluded_lines": 0, "percent_statements_covered": 0.0, "percent_statements_covered_display": "0"}, "missing_lines": [607, 608, 611, 617, 623, 624, 634, 640, 644], "excluded_lines": [], "start_line": 582}, "": {"executed_lines": [12, 13, 14, 15, 17, 37, 40, 41, 42, 43, 46, 49, 50, 51, 52, 55, 58, 59, 60, 61, 64, 67, 68, 69, 72, 75, 76, 77, 80, 83, 84, 85, 86, 94, 95, 98, 109, 110, 111, 113, 127, 129, 137, 140, 141, 144, 152, 153, 154, 156, 163, 165, 169, 172, 173, 176, 177, 178, 179, 181, 189, 198, 201, 202, 205, 213, 214, 215, 217, 232, 235, 236, 239, 249, 250, 251, 253, 286, 287, 290, 299, 300, 301, 303, 315, 317, 326, 329, 330, 333, 334, 335, 336, 338, 350, 358, 361, 362, 365, 366, 367, 368, 370, 379, 380, 383, 391, 392, 393, 395, 404, 412, 415, 416, 419, 427, 428, 429, 431, 439, 441, 446, 454, 457, 458, 459, 460, 461, 463, 468, 469, 472, 483, 484, 485, 487, 507, 509, 511, 519, 521, 534, 536, 540, 542, 554, 556, 561, 563, 568, 570, 578, 581, 582, 585, 594, 595, 596, 598, 605, 613, 615, 630, 632, 636, 638, 642], "summary": {"covered_lines": 167, "num_statements": 167, "percent_covered": 100.0, "percent_covered_display": "100", "missing_lines": 0, "excluded_lines": 0, "percent_statements_covered": 100.0, "percent_statements_covered_display": "100"}, "missing_lines": [], "excluded_lines": [], "start_line": 1}}}, "apps/artworks/batch_operations.py": {"executed_lines": [], "summary": {"covered_lines": 0, "num_statements": 180, "percent_covered": 0.0, "percent_covered_display": "0", "missing_lines": 180, "excluded_lines": 0, "percent_statements_covered": 0.0, "percent_statements_covered_display": "0"}, "missing_lines": [10, 11, 12, 14, 15, 17, 19, 22, 23, 33, 34, 35, 36, 37, 38, 39, 40, 41, 43, 45, 46, 47, 49, 61, 63, 64, 65, 67, 69, 70, 71, 73, 75, 76, 77, 78, 87, 89, 92, 103, 111, 112, 113, 114, 116, 126, 134, 135, 136, 138, 140, 141, 143, 145, 146, 147, 148, 149, 151, 165, 167, 168, 169, 171, 172, 175, 177, 178, 180, 181, 186, 188, 189, 190, 195, 197, 198, 200, 202, 219, 221, 222, 223, 224, 225, 227, 228, 229, 234, 236, 237, 239, 242, 252, 271, 273, 275, 277, 278, 280, 281, 282, 283, 284, 285, 287, 290, 297, 303, 304, 306, 307, 308, 313, 315, 316, 318, 320, 337, 339, 342, 343, 344, 345, 350, 351, 352, 354, 356, 357, 358, 360, 367, 368, 370, 373, 376, 377, 380, 382, 385, 386, 390, 391, 393, 394, 395, 400, 403, 404, 405, 407, 408, 410, 412, 427, 429, 432, 433, 434, 435, 436, 441, 442, 443, 445, 447, 448, 449, 450, 451, 453, 454, 456, 457, 458, 463, 465, 466, 468], "excluded_lines": [], "functions": {"BatchOperationResult.to_dict": {"executed_lines": [], "summary": {"covered_lines": 0, "num_statements": 4, "percent_covered": 0.0, "percent_covered_display": "0", "missing_lines": 4, "excluded_lines": 0, "percent_statements_covered": 0.0, "percent_statements_covered_display": "0"}, "missing_lines": [45, 46, 47, 49], "excluded_lines": [], "start_line": 43}, "BatchOperationResult._calculate_success_rate": {"executed_lines": [], "summary": {"covered_lines": 0, "num_statements": 3, "percent_covered": 0.0, "percent_covered_display": "0", "missing_lines": 3, "excluded_lines": 0, "percent_statements_covered": 0.0, "percent_statements_covered_display": "0"}, "missing_lines": [63, 64, 65], "excluded_lines": [], "start_line": 61}, "BatchOperationResult.add_success": {"executed_lines": [], "summary": {"covered_lines": 0, "num_statements": 3, "percent_covered": 0.0, "percent_covered_display": "0", "missing_lines": 3, "excluded_lines": 0, "percent_statements_covered": 0.0, "percent_statements_covered_display": "0"}, "missing_lines": [69, 70, 71], "excluded_lines": [], "start_line": 67}, "BatchOperationResult.add_error": {"executed_lines": [], "summary": {"covered_lines": 0, "num_statements": 4, "percent_covered": 0.0, "percent_covered_display": "0", "missing_lines": 4, "excluded_lines": 0, "percent_statements_covered": 0.0, "percent_statements_covered_display": "0"}, "missing_lines": [75, 76, 77, 78], "excluded_lines": [], "start_line": 73}, "BatchOperationResult.mark_completed": {"executed_lines": [], "summary": {"covered_lines": 0, "num_statements": 1, "percent_covered": 0.0, "percent_covered_display": "0", "missing_lines": 1, "excluded_lines": 0, "percent_statements_covered": 0.0, "percent_statements_covered_display": "0"}, "missing_lines": [89], "excluded_lines": [], "start_line": 87}, "BatchOperationService.__init__": {"executed_lines": [], "summary": {"covered_lines": 0, "num_statements": 4, "percent_covered": 0.0, "percent_covered_display": "0", "missing_lines": 4, "excluded_lines": 0, "percent_statements_covered": 0.0, "percent_statements_covered_display": "0"}, "missing_lines": [111, 112, 113, 114], "excluded_lines": [], "start_line": 103}, "BatchOperationService._create_progress": {"executed_lines": [], "summary": {"covered_lines": 0, "num_statements": 4, "percent_covered": 0.0, "percent_covered_display": "0", "missing_lines": 4, "excluded_lines": 0, "percent_statements_covered": 0.0, "percent_statements_covered_display": "0"}, "missing_lines": [126, 134, 135, 136], "excluded_lines": [], "start_line": 116}, "BatchOperationService._update_progress": {"executed_lines": [], "summary": {"covered_lines": 0, "num_statements": 2, "percent_covered": 0.0, "percent_covered_display": "0", "missing_lines": 2, "excluded_lines": 0, "percent_statements_covered": 0.0, "percent_statements_covered_display": "0"}, "missing_lines": [140, 141], "excluded_lines": [], "start_line": 138}, "BatchOperationService._mark_progress_completed": {"executed_lines": [], "summary": {"covered_lines": 0, "num_statements": 5, "percent_covered": 0.0, "percent_covered_display": "0", "missing_lines": 5, "excluded_lines": 0, "percent_statements_covered": 0.0, "percent_statements_covered_display": "0"}, "missing_lines": [145, 146, 147, 148, 149], "excluded_lines": [], "start_line": 143}, "BatchOperationService.execute_batch_delete": {"executed_lines": [], "summary": {"covered_lines": 0, "num_statements": 19, "percent_covered": 0.0, "percent_covered_display": "0", "missing_lines": 19, "excluded_lines": 0, "percent_statements_covered": 0.0, "percent_statements_covered_display": "0"}, "missing_lines": [165, 167, 168, 169, 171, 172, 175, 177, 178, 180, 181, 186, 188, 189, 190, 195, 197, 198, 200], "excluded_lines": [], "start_line": 151}, "BatchOperationService.execute_batch_operation": {"executed_lines": [], "summary": {"covered_lines": 0, "num_statements": 13, "percent_covered": 0.0, "percent_covered_display": "0", "missing_lines": 13, "excluded_lines": 0, "percent_statements_covered": 0.0, "percent_statements_covered_display": "0"}, "missing_lines": [219, 221, 222, 223, 224, 225, 227, 228, 229, 234, 236, 237, 239], "excluded_lines": [], "start_line": 202}, "ShotBatchOperationService.batch_regenerate": {"executed_lines": [], "summary": {"covered_lines": 0, "num_statements": 23, "percent_covered": 0.0, "percent_covered_display": "0", "missing_lines": 23, "excluded_lines": 0, "percent_statements_covered": 0.0, "percent_statements_covered_display": "0"}, "missing_lines": [271, 273, 275, 277, 278, 280, 281, 282, 283, 284, 285, 287, 290, 297, 303, 304, 306, 307, 308, 313, 315, 316, 318], "excluded_lines": [], "start_line": 252}, "ShotBatchOperationService.batch_move": {"executed_lines": [], "summary": {"covered_lines": 0, "num_statements": 36, "percent_covered": 0.0, "percent_covered_display": "0", "missing_lines": 36, "excluded_lines": 0, "percent_statements_covered": 0.0, "percent_statements_covered_display": "0"}, "missing_lines": [337, 339, 342, 343, 344, 345, 350, 351, 352, 354, 356, 357, 358, 360, 367, 368, 370, 373, 376, 377, 380, 382, 385, 386, 390, 391, 393, 394, 395, 400, 403, 404, 405, 407, 408, 410], "excluded_lines": [], "start_line": 320}, "ShotBatchOperationService.batch_update_character": {"executed_lines": [], "summary": {"covered_lines": 0, "num_statements": 25, "percent_covered": 0.0, "percent_covered_display": "0", "missing_lines": 25, "excluded_lines": 0, "percent_statements_covered": 0.0, "percent_statements_covered_display": "0"}, "missing_lines": [427, 429, 432, 433, 434, 435, 436, 441, 442, 443, 445, 447, 448, 449, 450, 451, 453, 454, 456, 457, 458, 463, 465, 466, 468], "excluded_lines": [], "start_line": 412}, "": {"executed_lines": [], "summary": {"covered_lines": 0, "num_statements": 34, "percent_covered": 0.0, "percent_covered_display": "0", "missing_lines": 34, "excluded_lines": 0, "percent_statements_covered": 0.0, "percent_statements_covered_display": "0"}, "missing_lines": [10, 11, 12, 14, 15, 17, 19, 22, 23, 33, 34, 35, 36, 37, 38, 39, 40, 41, 43, 61, 67, 73, 87, 92, 103, 116, 138, 143, 151, 202, 242, 252, 320, 412], "excluded_lines": [], "start_line": 1}}, "classes": {"BatchOperationResult": {"executed_lines": [], "summary": {"covered_lines": 0, "num_statements": 15, "percent_covered": 0.0, "percent_covered_display": "0", "missing_lines": 15, "excluded_lines": 0, "percent_statements_covered": 0.0, "percent_statements_covered_display": "0"}, "missing_lines": [45, 46, 47, 49, 63, 64, 65, 69, 70, 71, 75, 76, 77, 78, 89], "excluded_lines": [], "start_line": 23}, "BatchOperationService": {"executed_lines": [], "summary": {"covered_lines": 0, "num_statements": 47, "percent_covered": 0.0, "percent_covered_display": "0", "missing_lines": 47, "excluded_lines": 0, "percent_statements_covered": 0.0, "percent_statements_covered_display": "0"}, "missing_lines": [111, 112, 113, 114, 126, 134, 135, 136, 140, 141, 145, 146, 147, 148, 149, 165, 167, 168, 169, 171, 172, 175, 177, 178, 180, 181, 186, 188, 189, 190, 195, 197, 198, 200, 219, 221, 222, 223, 224, 225, 227, 228, 229, 234, 236, 237, 239], "excluded_lines": [], "start_line": 92}, "ShotBatchOperationService": {"executed_lines": [], "summary": {"covered_lines": 0, "num_statements": 84, "percent_covered": 0.0, "percent_covered_display": "0", "missing_lines": 84, "excluded_lines": 0, "percent_statements_covered": 0.0, "percent_statements_covered_display": "0"}, "missing_lines": [271, 273, 275, 277, 278, 280, 281, 282, 283, 284, 285, 287, 290, 297, 303, 304, 306, 307, 308, 313, 315, 316, 318, 337, 339, 342, 343, 344, 345, 350, 351, 352, 354, 356, 357, 358, 360, 367, 368, 370, 373, 376, 377, 380, 382, 385, 386, 390, 391, 393, 394, 395, 400, 403, 404, 405, 407, 408, 410, 427, 429, 432, 433, 434, 435, 436, 441, 442, 443, 445, 447, 448, 449, 450, 451, 453, 454, 456, 457, 458, 463, 465, 466, 468], "excluded_lines": [], "start_line": 242}, "": {"executed_lines": [], "summary": {"covered_lines": 0, "num_statements": 34, "percent_covered": 0.0, "percent_covered_display": "0", "missing_lines": 34, "excluded_lines": 0, "percent_statements_covered": 0.0, "percent_statements_covered_display": "0"}, "missing_lines": [10, 11, 12, 14, 15, 17, 19, 22, 23, 33, 34, 35, 36, 37, 38, 39, 40, 41, 43, 61, 67, 73, 87, 92, 103, 116, 138, 143, 151, 202, 242, 252, 320, 412], "excluded_lines": [], "start_line": 1}}}, "apps/artworks/batch_views.py": {"executed_lines": [], "summary": {"covered_lines": 0, "num_statements": 126, "percent_covered": 0.0, "percent_covered_display": "0", "missing_lines": 126, "excluded_lines": 0, "percent_statements_covered": 0.0, "percent_statements_covered_display": "0"}, "missing_lines": [11, 13, 14, 15, 16, 17, 19, 20, 24, 26, 29, 41, 43, 71, 72, 73, 76, 77, 80, 81, 82, 85, 91, 97, 99, 110, 111, 129, 130, 132, 133, 136, 137, 138, 139, 140, 143, 144, 145, 148, 149, 152, 154, 156, 157, 175, 177, 178, 181, 184, 186, 193, 194, 205, 206, 207, 209, 210, 212, 213, 215, 216, 219, 220, 223, 225, 227, 235, 236, 238, 239, 259, 260, 263, 265, 266, 268, 269, 272, 275, 276, 277, 278, 280, 281, 283, 284, 293, 295, 296, 298, 299, 302, 303, 306, 309, 311, 313, 318, 320, 322, 328, 330, 332, 339, 340, 342, 343, 352, 354, 355, 357, 358, 361, 363, 364, 372, 375, 376, 377, 378, 380, 382, 389, 390, 391], "excluded_lines": [], "functions": {"BatchGenerationViewSet.create": {"executed_lines": [], "summary": {"covered_lines": 0, "num_statements": 12, "percent_covered": 0.0, "percent_covered_display": "0", "missing_lines": 12, "excluded_lines": 0, "percent_statements_covered": 0.0, "percent_statements_covered_display": "0"}, "missing_lines": [71, 72, 73, 76, 77, 80, 81, 82, 85, 91, 97, 99], "excluded_lines": [], "start_line": 43}, "BatchGenerationViewSet.progress": {"executed_lines": [], "summary": {"covered_lines": 0, "num_statements": 16, "percent_covered": 0.0, "percent_covered_display": "0", "missing_lines": 16, "excluded_lines": 0, "percent_statements_covered": 0.0, "percent_statements_covered_display": "0"}, "missing_lines": [129, 130, 132, 133, 136, 137, 138, 139, 140, 143, 144, 145, 148, 149, 152, 154], "excluded_lines": [], "start_line": 111}, "BatchGenerationViewSet.recommend_poses": {"executed_lines": [], "summary": {"covered_lines": 0, "num_statements": 6, "percent_covered": 0.0, "percent_covered_display": "0", "missing_lines": 6, "excluded_lines": 0, "percent_statements_covered": 0.0, "percent_statements_covered_display": "0"}, "missing_lines": [175, 177, 178, 181, 184, 186], "excluded_lines": [], "start_line": 157}, "BatchGenerationViewSet.rate": {"executed_lines": [], "summary": {"covered_lines": 0, "num_statements": 16, "percent_covered": 0.0, "percent_covered_display": "0", "missing_lines": 16, "excluded_lines": 0, "percent_statements_covered": 0.0, "percent_statements_covered_display": "0"}, "missing_lines": [205, 206, 207, 209, 210, 212, 213, 215, 216, 219, 220, 223, 225, 227, 235, 236], "excluded_lines": [], "start_line": 194}, "BatchGenerationViewSet.history": {"executed_lines": [], "summary": {"covered_lines": 0, "num_statements": 14, "percent_covered": 0.0, "percent_covered_display": "0", "missing_lines": 14, "excluded_lines": 0, "percent_statements_covered": 0.0, "percent_statements_covered_display": "0"}, "missing_lines": [259, 260, 263, 265, 266, 268, 269, 272, 275, 276, 277, 278, 280, 281], "excluded_lines": [], "start_line": 239}, "BatchGenerationViewSet.regenerate": {"executed_lines": [], "summary": {"covered_lines": 0, "num_statements": 19, "percent_covered": 0.0, "percent_covered_display": "0", "missing_lines": 19, "excluded_lines": 0, "percent_statements_covered": 0.0, "percent_statements_covered_display": "0"}, "missing_lines": [293, 295, 296, 298, 299, 302, 303, 306, 309, 311, 313, 318, 320, 322, 328, 330, 332, 339, 340], "excluded_lines": [], "start_line": 284}, "BatchGenerationViewSet.cancel": {"executed_lines": [], "summary": {"covered_lines": 0, "num_statements": 18, "percent_covered": 0.0, "percent_covered_display": "0", "missing_lines": 18, "excluded_lines": 0, "percent_statements_covered": 0.0, "percent_statements_covered_display": "0"}, "missing_lines": [352, 354, 355, 357, 358, 361, 363, 364, 372, 375, 376, 377, 378, 380, 382, 389, 390, 391], "excluded_lines": [], "start_line": 343}, "": {"executed_lines": [], "summary": {"covered_lines": 0, "num_statements": 25, "percent_covered": 0.0, "percent_covered_display": "0", "missing_lines": 25, "excluded_lines": 0, "percent_statements_covered": 0.0, "percent_statements_covered_display": "0"}, "missing_lines": [11, 13, 14, 15, 16, 17, 19, 20, 24, 26, 29, 41, 43, 110, 111, 156, 157, 193, 194, 238, 239, 283, 284, 342, 343], "excluded_lines": [], "start_line": 1}}, "classes": {"BatchGenerationViewSet": {"executed_lines": [], "summary": {"covered_lines": 0, "num_statements": 101, "percent_covered": 0.0, "percent_covered_display": "0", "missing_lines": 101, "excluded_lines": 0, "percent_statements_covered": 0.0, "percent_statements_covered_display": "0"}, "missing_lines": [71, 72, 73, 76, 77, 80, 81, 82, 85, 91, 97, 99, 129, 130, 132, 133, 136, 137, 138, 139, 140, 143, 144, 145, 148, 149, 152, 154, 175, 177, 178, 181, 184, 186, 205, 206, 207, 209, 210, 212, 213, 215, 216, 219, 220, 223, 225, 227, 235, 236, 259, 260, 263, 265, 266, 268, 269, 272, 275, 276, 277, 278, 280, 281, 293, 295, 296, 298, 299, 302, 303, 306, 309, 311, 313, 318, 320, 322, 328, 330, 332, 339, 340, 352, 354, 355, 357, 358, 361, 363, 364, 372, 375, 376, 377, 378, 380, 382, 389, 390, 391], "excluded_lines": [], "start_line": 29}, "": {"executed_lines": [], "summary": {"covered_lines": 0, "num_statements": 25, "percent_covered": 0.0, "percent_covered_display": "0", "missing_lines": 25, "excluded_lines": 0, "percent_statements_covered": 0.0, "percent_statements_covered_display": "0"}, "missing_lines": [11, 13, 14, 15, 16, 17, 19, 20, 24, 26, 29, 41, 43, 110, 111, 156, 157, 193, 194, 238, 239, 283, 284, 342, 343], "excluded_lines": [], "start_line": 1}}}, "apps/artworks/consumers.py": {"executed_lines": [], "summary": {"covered_lines": 0, "num_statements": 51, "percent_covered": 0.0, "percent_covered_display": "0", "missing_lines": 51, "excluded_lines": 0, "percent_statements_covered": 0.0, "percent_statements_covered_display": "0"}, "missing_lines": [7, 8, 10, 12, 15, 31, 33, 34, 40, 43, 45, 46, 49, 58, 60, 62, 69, 70, 72, 74, 76, 78, 80, 81, 82, 83, 85, 92, 102, 104, 107, 126, 128, 129, 130, 132, 134, 136, 140, 142, 144, 146, 147, 149, 150, 152, 153, 155, 157, 170, 172], "excluded_lines": [], "functions": {"ShotRegenerateConsumer.connect": {"executed_lines": [], "summary": {"covered_lines": 0, "num_statements": 7, "percent_covered": 0.0, "percent_covered_display": "0", "missing_lines": 7, "excluded_lines": 0, "percent_statements_covered": 0.0, "percent_statements_covered_display": "0"}, "missing_lines": [33, 34, 40, 43, 45, 46, 49], "excluded_lines": [], "start_line": 31}, "ShotRegenerateConsumer.disconnect": {"executed_lines": [], "summary": {"covered_lines": 0, "num_statements": 1, "percent_covered": 0.0, "percent_covered_display": "0", "missing_lines": 1, "excluded_lines": 0, "percent_statements_covered": 0.0, "percent_statements_covered_display": "0"}, "missing_lines": [60], "excluded_lines": [], "start_line": 58}, "ShotRegenerateConsumer.receive": {"executed_lines": [], "summary": {"covered_lines": 0, "num_statements": 10, "percent_covered": 0.0, "percent_covered_display": "0", "missing_lines": 10, "excluded_lines": 0, "percent_statements_covered": 0.0, "percent_statements_covered_display": "0"}, "missing_lines": [69, 70, 72, 74, 76, 78, 80, 81, 82, 83], "excluded_lines": [], "start_line": 62}, "ShotRegenerateConsumer.shot_progress": {"executed_lines": [], "summary": {"covered_lines": 0, "num_statements": 1, "percent_covered": 0.0, "percent_covered_display": "0", "missing_lines": 1, "excluded_lines": 0, "percent_statements_covered": 0.0, "percent_statements_covered_display": "0"}, "missing_lines": [92], "excluded_lines": [], "start_line": 85}, "ShotRegenerateConsumer.send_json": {"executed_lines": [], "summary": {"covered_lines": 0, "num_statements": 1, "percent_covered": 0.0, "percent_covered_display": "0", "missing_lines": 1, "excluded_lines": 0, "percent_statements_covered": 0.0, "percent_statements_covered_display": "0"}, "missing_lines": [104], "excluded_lines": [], "start_line": 102}, "BatchShotRegenerateConsumer.connect": {"executed_lines": [], "summary": {"covered_lines": 0, "num_statements": 6, "percent_covered": 0.0, "percent_covered_display": "0", "missing_lines": 6, "excluded_lines": 0, "percent_statements_covered": 0.0, "percent_statements_covered_display": "0"}, "missing_lines": [128, 129, 130, 132, 134, 136], "excluded_lines": [], "start_line": 126}, "BatchShotRegenerateConsumer.disconnect": {"executed_lines": [], "summary": {"covered_lines": 0, "num_statements": 1, "percent_covered": 0.0, "percent_covered_display": "0", "missing_lines": 1, "excluded_lines": 0, "percent_statements_covered": 0.0, "percent_statements_covered_display": "0"}, "missing_lines": [142], "excluded_lines": [], "start_line": 140}, "BatchShotRegenerateConsumer.receive": {"executed_lines": [], "summary": {"covered_lines": 0, "num_statements": 6, "percent_covered": 0.0, "percent_covered_display": "0", "missing_lines": 6, "excluded_lines": 0, "percent_statements_covered": 0.0, "percent_statements_covered_display": "0"}, "missing_lines": [146, 147, 149, 150, 152, 153], "excluded_lines": [], "start_line": 144}, "BatchShotRegenerateConsumer.batch_progress": {"executed_lines": [], "summary": {"covered_lines": 0, "num_statements": 1, "percent_covered": 0.0, "percent_covered_display": "0", "missing_lines": 1, "excluded_lines": 0, "percent_statements_covered": 0.0, "percent_statements_covered_display": "0"}, "missing_lines": [157], "excluded_lines": [], "start_line": 155}, "BatchShotRegenerateConsumer.send_json": {"executed_lines": [], "summary": {"covered_lines": 0, "num_statements": 1, "percent_covered": 0.0, "percent_covered_display": "0", "missing_lines": 1, "excluded_lines": 0, "percent_statements_covered": 0.0, "percent_statements_covered_display": "0"}, "missing_lines": [172], "excluded_lines": [], "start_line": 170}, "": {"executed_lines": [], "summary": {"covered_lines": 0, "num_statements": 16, "percent_covered": 0.0, "percent_covered_display": "0", "missing_lines": 16, "excluded_lines": 0, "percent_statements_covered": 0.0, "percent_statements_covered_display": "0"}, "missing_lines": [7, 8, 10, 12, 15, 31, 58, 62, 85, 102, 107, 126, 140, 144, 155, 170], "excluded_lines": [], "start_line": 1}}, "classes": {"ShotRegenerateConsumer": {"executed_lines": [], "summary": {"covered_lines": 0, "num_statements": 20, "percent_covered": 0.0, "percent_covered_display": "0", "missing_lines": 20, "excluded_lines": 0, "percent_statements_covered": 0.0, "percent_statements_covered_display": "0"}, "missing_lines": [33, 34, 40, 43, 45, 46, 49, 60, 69, 70, 72, 74, 76, 78, 80, 81, 82, 83, 92, 104], "excluded_lines": [], "start_line": 15}, "BatchShotRegenerateConsumer": {"executed_lines": [], "summary": {"covered_lines": 0, "num_statements": 15, "percent_covered": 0.0, "percent_covered_display": "0", "missing_lines": 15, "excluded_lines": 0, "percent_statements_covered": 0.0, "percent_statements_covered_display": "0"}, "missing_lines": [128, 129, 130, 132, 134, 136, 142, 146, 147, 149, 150, 152, 153, 157, 172], "excluded_lines": [], "start_line": 107}, "": {"executed_lines": [], "summary": {"covered_lines": 0, "num_statements": 16, "percent_covered": 0.0, "percent_covered_display": "0", "missing_lines": 16, "excluded_lines": 0, "percent_statements_covered": 0.0, "percent_statements_covered_display": "0"}, "missing_lines": [7, 8, 10, 12, 15, 31, 58, 62, 85, 102, 107, 126, 140, 144, 155, 170], "excluded_lines": [], "start_line": 1}}}, "apps/artworks/migrations/0001_initial.py": {"executed_lines": [], "summary": {"covered_lines": 0, "num_statements": 7, "percent_covered": 0.0, "percent_covered_display": "0", "missing_lines": 7, "excluded_lines": 0, "percent_statements_covered": 0.0, "percent_statements_covered_display": "0"}, "missing_lines": [3, 4, 5, 8, 10, 12, 15], "excluded_lines": [], "functions": {"": {"executed_lines": [], "summary": {"covered_lines": 0, "num_statements": 7, "percent_covered": 0.0, "percent_covered_display": "0", "missing_lines": 7, "excluded_lines": 0, "percent_statements_covered": 0.0, "percent_statements_covered_display": "0"}, "missing_lines": [3, 4, 5, 8, 10, 12, 15], "excluded_lines": [], "start_line": 1}}, "classes": {"Migration": {"executed_lines": [], "summary": {"covered_lines": 0, "num_statements": 0, "percent_covered": 100.0, "percent_covered_display": "100", "missing_lines": 0, "excluded_lines": 0, "percent_statements_covered": 100.0, "percent_statements_covered_display": "100"}, "missing_lines": [], "excluded_lines": [], "start_line": 8}, "": {"executed_lines": [], "summary": {"covered_lines": 0, "num_statements": 7, "percent_covered": 0.0, "percent_covered_display": "0", "missing_lines": 7, "excluded_lines": 0, "percent_statements_covered": 0.0, "percent_statements_covered_display": "0"}, "missing_lines": [3, 4, 5, 8, 10, 12, 15], "excluded_lines": [], "start_line": 1}}}, "apps/artworks/migrations/0002_generationhistory_generationprogress.py": {"executed_lines": [], "summary": {"covered_lines": 0, "num_statements": 6, "percent_covered": 0.0, "percent_covered_display": "0", "missing_lines": 6, "excluded_lines": 0, "percent_statements_covered": 0.0, "percent_statements_covered_display": "0"}, "missing_lines": [3, 4, 5, 8, 10, 15], "excluded_lines": [], "functions": {"": {"executed_lines": [], "summary": {"covered_lines": 0, "num_statements": 6, "percent_covered": 0.0, "percent_covered_display": "0", "missing_lines": 6, "excluded_lines": 0, "percent_statements_covered": 0.0, "percent_statements_covered_display": "0"}, "missing_lines": [3, 4, 5, 8, 10, 15], "excluded_lines": [], "start_line": 1}}, "classes": {"Migration": {"executed_lines": [], "summary": {"covered_lines": 0, "num_statements": 0, "percent_covered": 100.0, "percent_covered_display": "100", "missing_lines": 0, "excluded_lines": 0, "percent_statements_covered": 100.0, "percent_statements_covered_display": "100"}, "missing_lines": [], "excluded_lines": [], "start_line": 8}, "": {"executed_lines": [], "summary": {"covered_lines": 0, "num_statements": 6, "percent_covered": 0.0, "percent_covered_display": "0", "missing_lines": 6, "excluded_lines": 0, "percent_statements_covered": 0.0, "percent_statements_covered_display": "0"}, "missing_lines": [3, 4, 5, 8, 10, 15], "excluded_lines": [], "start_line": 1}}}, "apps/artworks/migrations/0003_shot_camera_movement_params_shot_character_pose_and_more.py": {"executed_lines": [], "summary": {"covered_lines": 0, "num_statements": 6, "percent_covered": 0.0, "percent_covered_display": "0", "missing_lines": 6, "excluded_lines": 0, "percent_statements_covered": 0.0, "percent_statements_covered_display": "0"}, "missing_lines": [3, 4, 5, 8, 10, 14], "excluded_lines": [], "functions": {"": {"executed_lines": [], "summary": {"covered_lines": 0, "num_statements": 6, "percent_covered": 0.0, "percent_covered_display": "0", "missing_lines": 6, "excluded_lines": 0, "percent_statements_covered": 0.0, "percent_statements_covered_display": "0"}, "missing_lines": [3, 4, 5, 8, 10, 14], "excluded_lines": [], "start_line": 1}}, "classes": {"Migration": {"executed_lines": [], "summary": {"covered_lines": 0, "num_statements": 0, "percent_covered": 100.0, "percent_covered_display": "100", "missing_lines": 0, "excluded_lines": 0, "percent_statements_covered": 100.0, "percent_statements_covered_display": "100"}, "missing_lines": [], "excluded_lines": [], "start_line": 8}, "": {"executed_lines": [], "summary": {"covered_lines": 0, "num_statements": 6, "percent_covered": 0.0, "percent_covered_display": "0", "missing_lines": 6, "excluded_lines": 0, "percent_statements_covered": 0.0, "percent_statements_covered_display": "0"}, "missing_lines": [3, 4, 5, 8, 10, 14], "excluded_lines": [], "start_line": 1}}}, "apps/artworks/migrations/0004_shotversion.py": {"executed_lines": [], "summary": {"covered_lines": 0, "num_statements": 6, "percent_covered": 0.0, "percent_covered_display": "0", "missing_lines": 6, "excluded_lines": 0, "percent_statements_covered": 0.0, "percent_statements_covered_display": "0"}, "missing_lines": [3, 4, 5, 8, 10, 15], "excluded_lines": [], "functions": {"": {"executed_lines": [], "summary": {"covered_lines": 0, "num_statements": 6, "percent_covered": 0.0, "percent_covered_display": "0", "missing_lines": 6, "excluded_lines": 0, "percent_statements_covered": 0.0, "percent_statements_covered_display": "0"}, "missing_lines": [3, 4, 5, 8, 10, 15], "excluded_lines": [], "start_line": 1}}, "classes": {"Migration": {"executed_lines": [], "summary": {"covered_lines": 0, "num_statements": 0, "percent_covered": 100.0, "percent_covered_display": "100", "missing_lines": 0, "excluded_lines": 0, "percent_statements_covered": 100.0, "percent_statements_covered_display": "100"}, "missing_lines": [], "excluded_lines": [], "start_line": 8}, "": {"executed_lines": [], "summary": {"covered_lines": 0, "num_statements": 6, "percent_covered": 0.0, "percent_covered_display": "0", "missing_lines": 6, "excluded_lines": 0, "percent_statements_covered": 0.0, "percent_statements_covered_display": "0"}, "missing_lines": [3, 4, 5, 8, 10, 15], "excluded_lines": [], "start_line": 1}}}, "apps/artworks/migrations/0005_chapterworkflow_workflowevent_and_more.py": {"executed_lines": [], "summary": {"covered_lines": 0, "num_statements": 7, "percent_covered": 0.0, "percent_covered_display": "0", "missing_lines": 7, "excluded_lines": 0, "percent_statements_covered": 0.0, "percent_statements_covered_display": "0"}, "missing_lines": [3, 4, 5, 6, 9, 11, 15], "excluded_lines": [], "functions": {"": {"executed_lines": [], "summary": {"covered_lines": 0, "num_statements": 7, "percent_covered": 0.0, "percent_covered_display": "0", "missing_lines": 7, "excluded_lines": 0, "percent_statements_covered": 0.0, "percent_statements_covered_display": "0"}, "missing_lines": [3, 4, 5, 6, 9, 11, 15], "excluded_lines": [], "start_line": 1}}, "classes": {"Migration": {"executed_lines": [], "summary": {"covered_lines": 0, "num_statements": 0, "percent_covered": 100.0, "percent_covered_display": "100", "missing_lines": 0, "excluded_lines": 0, "percent_statements_covered": 100.0, "percent_statements_covered_display": "100"}, "missing_lines": [], "excluded_lines": [], "start_line": 9}, "": {"executed_lines": [], "summary": {"covered_lines": 0, "num_statements": 7, "percent_covered": 0.0, "percent_covered_display": "0", "missing_lines": 7, "excluded_lines": 0, "percent_statements_covered": 0.0, "percent_statements_covered_display": "0"}, "missing_lines": [3, 4, 5, 6, 9, 11, 15], "excluded_lines": [], "start_line": 1}}}, "apps/artworks/migrations/0006_chapterworkflow_deleted_at_and_more.py": {"executed_lines": [], "summary": {"covered_lines": 0, "num_statements": 4, "percent_covered": 0.0, "percent_covered_display": "0", "missing_lines": 4, "excluded_lines": 0, "percent_statements_covered": 0.0, "percent_statements_covered_display": "0"}, "missing_lines": [3, 6, 8, 12], "excluded_lines": [], "functions": {"": {"executed_lines": [], "summary": {"covered_lines": 0, "num_statements": 4, "percent_covered": 0.0, "percent_covered_display": "0", "missing_lines": 4, "excluded_lines": 0, "percent_statements_covered": 0.0, "percent_statements_covered_display": "0"}, "missing_lines": [3, 6, 8, 12], "excluded_lines": [], "start_line": 1}}, "classes": {"Migration": {"executed_lines": [], "summary": {"covered_lines": 0, "num_statements": 0, "percent_covered": 100.0, "percent_covered_display": "100", "missing_lines": 0, "excluded_lines": 0, "percent_statements_covered": 100.0, "percent_statements_covered_display": "100"}, "missing_lines": [], "excluded_lines": [], "start_line": 6}, "": {"executed_lines": [], "summary": {"covered_lines": 0, "num_statements": 4, "percent_covered": 0.0, "percent_covered_display": "0", "missing_lines": 4, "excluded_lines": 0, "percent_statements_covered": 0.0, "percent_statements_covered_display": "0"}, "missing_lines": [3, 6, 8, 12], "excluded_lines": [], "start_line": 1}}}, "apps/artworks/migrations/__init__.py": {"executed_lines": [], "summary": {"covered_lines": 0, "num_statements": 0, "percent_covered": 100.0, "percent_covered_display": "100", "missing_lines": 0, "excluded_lines": 0, "percent_statements_covered": 100.0, "percent_statements_covered_display": "100"}, "missing_lines": [], "excluded_lines": [], "functions": {"": {"executed_lines": [], "summary": {"covered_lines": 0, "num_statements": 0, "percent_covered": 100.0, "percent_covered_display": "100", "missing_lines": 0, "excluded_lines": 0, "percent_statements_covered": 100.0, "percent_statements_covered_display": "100"}, "missing_lines": [], "excluded_lines": [], "start_line": 1}}, "classes": {"": {"executed_lines": [], "summary": {"covered_lines": 0, "num_statements": 0, "percent_covered": 100.0, "percent_covered_display": "100", "missing_lines": 0, "excluded_lines": 0, "percent_statements_covered": 100.0, "percent_statements_covered_display": "100"}, "missing_lines": [], "excluded_lines": [], "start_line": 1}}}, "apps/artworks/models.py": {"executed_lines": [24, 25, 27, 28, 29, 30, 31, 32, 35, 48, 51, 52, 54, 55, 58, 61, 62, 70, 82, 90, 91, 92, 97, 106, 107, 108, 109, 112, 115, 118, 123, 124, 126, 127, 128, 129, 130, 132, 135, 136, 144, 156, 161, 162, 163, 166, 167, 168, 171, 173, 174, 175, 176, 177, 178, 180, 184, 196, 203, 206, 209, 210, 213, 218, 221, 222, 224, 225, 226, 227, 228, 230, 233, 239, 251, 255, 264, 265, 266, 269, 270, 271, 274, 275, 278, 286, 292, 295, 298, 299, 301, 302, 303, 304, 305, 306, 308, 311, 333, 345, 350, 351, 356, 357, 358, 361, 362, 363, 366, 369, 374, 377, 380, 391, 399, 404, 405, 406, 410, 411, 412, 413, 414, 415, 417, 420, 439, 440, 450, 462, 467, 468, 471, 472, 475, 476, 479, 484, 487, 490, 495, 497, 498, 499, 500, 501, 502, 504, 508, 520, 529, 534, 535, 540, 543, 548, 551, 554, 557, 558, 560, 561, 562, 563, 564, 566, 569, 575, 587, 594, 603, 611, 614, 617, 618, 625, 628, 635, 638, 645, 650, 651, 657, 660, 662, 663, 664, 665, 667, 676, 688, 697, 702, 703, 708, 709, 712, 715, 716, 721, 730, 731, 732, 733, 734, 736, 739, 750, 762, 768, 780, 783, 784, 787, 788, 789, 792, 795, 796, 797, 799, 800, 801, 802, 803, 805, 815, 828, 836, 843, 849, 852, 857, 858, 859, 862, 863, 866, 868, 869, 870, 871, 872, 874, 881, 882, 888, 902, 915, 921, 927, 932, 933, 936, 939, 942, 945, 946, 948, 949, 950, 951, 952, 954, 961, 968, 973, 984, 996, 1004, 1005, 1010, 1017, 1025, 1030, 1039, 1045, 1046, 1047, 1048, 1049, 1050, 1051, 1056, 1059, 1060, 1117, 1118, 1141, 1178, 1214, 1215, 1230, 1246, 1248, 1249, 1250, 1251, 1252, 1255, 1263, 1271, 1279, 1288, 1295, 1300, 1307, 1312, 1319, 1325, 1333, 1338, 1344, 1345, 1346, 1347, 1348, 1349, 1355, 1358, 1360, 1361, 1362, 1365, 1371, 1373, 1375, 1376, 1377, 1378, 1380, 1386, 1388, 1390, 1392, 1393, 1395, 1401, 1403, 1405, 1406, 1407, 1408, 1410, 1416, 1418, 1420, 1421, 1422, 1423, 1425, 1432, 1434, 1436, 1437, 1440, 1441, 1444, 1446, 1447, 1449, 1450, 1451, 1452, 1454, 1455, 1457, 1459, 1461, 1462, 1463, 1464, 1465, 1467, 1469, 1470, 1471, 1472, 1473, 1475, 1478, 1481, 1496, 1499, 1500, 1501, 1502, 1503, 1504, 1507, 1508, 1509, 1510, 1513, 1514, 1517, 1525, 1532, 1535, 1543, 1553, 1559, 1567, 1572, 1578, 1579, 1580, 1581, 1583, 1584, 1591, 1594, 1595, 1597, 1605, 1606, 1608, 1616, 1617, 1619, 1628, 1630, 1632, 1633, 1634, 1636, 1638, 1640, 1641, 1642, 1644, 1646], "summary": {"covered_lines": 432, "num_statements": 542, "percent_covered": 79.70479704797047, "percent_covered_display": "80", "missing_lines": 110, "excluded_lines": 0, "percent_statements_covered": 79.70479704797047, "percent_statements_covered_display": "80"}, "missing_lines": [133, 138, 139, 140, 141, 181, 231, 235, 236, 309, 319, 321, 324, 325, 328, 329, 330, 418, 428, 431, 432, 433, 434, 435, 442, 505, 567, 571, 572, 668, 737, 741, 742, 806, 807, 875, 884, 885, 886, 890, 891, 892, 893, 894, 895, 896, 897, 898, 899, 955, 956, 963, 964, 965, 966, 970, 971, 975, 976, 1057, 1074, 1077, 1080, 1096, 1097, 1099, 1102, 1113, 1115, 1129, 1131, 1133, 1135, 1136, 1137, 1139, 1150, 1151, 1154, 1155, 1156, 1157, 1158, 1159, 1160, 1161, 1162, 1163, 1164, 1165, 1167, 1170, 1176, 1195, 1196, 1197, 1200, 1201, 1202, 1203, 1205, 1206, 1212, 1217, 1222, 1356, 1391, 1592, 1631, 1639], "excluded_lines": [], "functions": {"Artwork.__str__": {"executed_lines": [], "summary": {"covered_lines": 0, "num_statements": 1, "percent_covered": 0.0, "percent_covered_display": "0", "missing_lines": 1, "excluded_lines": 0, "percent_statements_covered": 0.0, "percent_statements_covered_display": "0"}, "missing_lines": [133], "excluded_lines": [], "start_line": 132}, "Artwork.progress_percentage": {"executed_lines": [], "summary": {"covered_lines": 0, "num_statements": 4, "percent_covered": 0.0, "percent_covered_display": "0", "missing_lines": 4, "excluded_lines": 0, "percent_statements_covered": 0.0, "percent_statements_covered_display": "0"}, "missing_lines": [138, 139, 140, 141], "excluded_lines": [], "start_line": 136}, "Chapter.__str__": {"executed_lines": [], "summary": {"covered_lines": 0, "num_statements": 1, "percent_covered": 0.0, "percent_covered_display": "0", "missing_lines": 1, "excluded_lines": 0, "percent_statements_covered": 0.0, "percent_statements_covered_display": "0"}, "missing_lines": [181], "excluded_lines": [], "start_line": 180}, "PhysicalScene.__str__": {"executed_lines": [], "summary": {"covered_lines": 0, "num_statements": 1, "percent_covered": 0.0, "percent_covered_display": "0", "missing_lines": 1, "excluded_lines": 0, "percent_statements_covered": 0.0, "percent_statements_covered_display": "0"}, "missing_lines": [231], "excluded_lines": [], "start_line": 230}, "PhysicalScene.increment_usage": {"executed_lines": [], "summary": {"covered_lines": 0, "num_statements": 2, "percent_covered": 0.0, "percent_covered_display": "0", "missing_lines": 2, "excluded_lines": 0, "percent_statements_covered": 0.0, "percent_statements_covered_display": "0"}, "missing_lines": [235, 236], "excluded_lines": [], "start_line": 233}, "ScriptScene.__str__": {"executed_lines": [], "summary": {"covered_lines": 0, "num_statements": 1, "percent_covered": 0.0, "percent_covered_display": "0", "missing_lines": 1, "excluded_lines": 0, "percent_statements_covered": 0.0, "percent_statements_covered_display": "0"}, "missing_lines": [309], "excluded_lines": [], "start_line": 308}, "ScriptScene.clean": {"executed_lines": [], "summary": {"covered_lines": 0, "num_statements": 7, "percent_covered": 0.0, "percent_covered_display": "0", "missing_lines": 7, "excluded_lines": 0, "percent_statements_covered": 0.0, "percent_statements_covered_display": "0"}, "missing_lines": [319, 321, 324, 325, 328, 329, 330], "excluded_lines": [], "start_line": 311}, "Shot.__str__": {"executed_lines": [], "summary": {"covered_lines": 0, "num_statements": 1, "percent_covered": 0.0, "percent_covered_display": "0", "missing_lines": 1, "excluded_lines": 0, "percent_statements_covered": 0.0, "percent_statements_covered_display": "0"}, "missing_lines": [418], "excluded_lines": [], "start_line": 417}, "Shot.clean": {"executed_lines": [], "summary": {"covered_lines": 0, "num_statements": 6, "percent_covered": 0.0, "percent_covered_display": "0", "missing_lines": 6, "excluded_lines": 0, "percent_statements_covered": 0.0, "percent_statements_covered_display": "0"}, "missing_lines": [428, 431, 432, 433, 434, 435], "excluded_lines": [], "start_line": 420}, "Shot.is_successfully_generated": {"executed_lines": [], "summary": {"covered_lines": 0, "num_statements": 1, "percent_covered": 0.0, "percent_covered_display": "0", "missing_lines": 1, "excluded_lines": 0, "percent_statements_covered": 0.0, "percent_statements_covered_display": "0"}, "missing_lines": [442], "excluded_lines": [], "start_line": 440}, "CharacterProfile.__str__": {"executed_lines": [], "summary": {"covered_lines": 0, "num_statements": 1, "percent_covered": 0.0, "percent_covered_display": "0", "missing_lines": 1, "excluded_lines": 0, "percent_statements_covered": 0.0, "percent_statements_covered_display": "0"}, "missing_lines": [505], "excluded_lines": [], "start_line": 504}, "CharacterPose.__str__": {"executed_lines": [], "summary": {"covered_lines": 0, "num_statements": 1, "percent_covered": 0.0, "percent_covered_display": "0", "missing_lines": 1, "excluded_lines": 0, "percent_statements_covered": 0.0, "percent_statements_covered_display": "0"}, "missing_lines": [567], "excluded_lines": [], "start_line": 566}, "CharacterPose.increment_usage": {"executed_lines": [], "summary": {"covered_lines": 0, "num_statements": 2, "percent_covered": 0.0, "percent_covered_display": "0", "missing_lines": 2, "excluded_lines": 0, "percent_statements_covered": 0.0, "percent_statements_covered_display": "0"}, "missing_lines": [571, 572], "excluded_lines": [], "start_line": 569}, "CharacterVoiceConfig.__str__": {"executed_lines": [], "summary": {"covered_lines": 0, "num_statements": 1, "percent_covered": 0.0, "percent_covered_display": "0", "missing_lines": 1, "excluded_lines": 0, "percent_statements_covered": 0.0, "percent_statements_covered_display": "0"}, "missing_lines": [668], "excluded_lines": [], "start_line": 667}, "ItemProfile.__str__": {"executed_lines": [], "summary": {"covered_lines": 0, "num_statements": 1, "percent_covered": 0.0, "percent_covered_display": "0", "missing_lines": 1, "excluded_lines": 0, "percent_statements_covered": 0.0, "percent_statements_covered_display": "0"}, "missing_lines": [737], "excluded_lines": [], "start_line": 736}, "ItemProfile.increment_usage": {"executed_lines": [], "summary": {"covered_lines": 0, "num_statements": 2, "percent_covered": 0.0, "percent_covered_display": "0", "missing_lines": 2, "excluded_lines": 0, "percent_statements_covered": 0.0, "percent_statements_covered_display": "0"}, "missing_lines": [741, 742], "excluded_lines": [], "start_line": 739}, "EngineConfiguration.__str__": {"executed_lines": [], "summary": {"covered_lines": 0, "num_statements": 2, "percent_covered": 0.0, "percent_covered_display": "0", "missing_lines": 2, "excluded_lines": 0, "percent_statements_covered": 0.0, "percent_statements_covered_display": "0"}, "missing_lines": [806, 807], "excluded_lines": [], "start_line": 805}, "GenerationProgress.__str__": {"executed_lines": [], "summary": {"covered_lines": 0, "num_statements": 1, "percent_covered": 0.0, "percent_covered_display": "0", "missing_lines": 1, "excluded_lines": 0, "percent_statements_covered": 0.0, "percent_statements_covered_display": "0"}, "missing_lines": [875], "excluded_lines": [], "start_line": 874}, "GenerationProgress.progress_percentage": {"executed_lines": [], "summary": {"covered_lines": 0, "num_statements": 3, "percent_covered": 0.0, "percent_covered_display": "0", "missing_lines": 3, "excluded_lines": 0, "percent_statements_covered": 0.0, "percent_statements_covered_display": "0"}, "missing_lines": [884, 885, 886], "excluded_lines": [], "start_line": 882}, "GenerationProgress.update_progress": {"executed_lines": [], "summary": {"covered_lines": 0, "num_statements": 10, "percent_covered": 0.0, "percent_covered_display": "0", "missing_lines": 10, "excluded_lines": 0, "percent_statements_covered": 0.0, "percent_statements_covered_display": "0"}, "missing_lines": [890, 891, 892, 893, 894, 895, 896, 897, 898, 899], "excluded_lines": [], "start_line": 888}, "GenerationHistory.__str__": {"executed_lines": [], "summary": {"covered_lines": 0, "num_statements": 2, "percent_covered": 0.0, "percent_covered_display": "0", "missing_lines": 2, "excluded_lines": 0, "percent_statements_covered": 0.0, "percent_statements_covered_display": "0"}, "missing_lines": [955, 956], "excluded_lines": [], "start_line": 954}, "GenerationHistory.rate": {"executed_lines": [], "summary": {"covered_lines": 0, "num_statements": 4, "percent_covered": 0.0, "percent_covered_display": "0", "missing_lines": 4, "excluded_lines": 0, "percent_statements_covered": 0.0, "percent_statements_covered_display": "0"}, "missing_lines": [963, 964, 965, 966], "excluded_lines": [], "start_line": 961}, "GenerationHistory.mark_as_used": {"executed_lines": [], "summary": {"covered_lines": 0, "num_statements": 2, "percent_covered": 0.0, "percent_covered_display": "0", "missing_lines": 2, "excluded_lines": 0, "percent_statements_covered": 0.0, "percent_statements_covered_display": "0"}, "missing_lines": [970, 971], "excluded_lines": [], "start_line": 968}, "GenerationHistory.increment_regeneration_count": {"executed_lines": [], "summary": {"covered_lines": 0, "num_statements": 2, "percent_covered": 0.0, "percent_covered_display": "0", "missing_lines": 2, "excluded_lines": 0, "percent_statements_covered": 0.0, "percent_statements_covered_display": "0"}, "missing_lines": [975, 976], "excluded_lines": [], "start_line": 973}, "ShotVersion.__str__": {"executed_lines": [], "summary": {"covered_lines": 0, "num_statements": 1, "percent_covered": 0.0, "percent_covered_display": "0", "missing_lines": 1, "excluded_lines": 0, "percent_statements_covered": 0.0, "percent_statements_covered_display": "0"}, "missing_lines": [1057], "excluded_lines": [], "start_line": 1056}, "ShotVersion.create_version": {"executed_lines": [], "summary": {"covered_lines": 0, "num_statements": 9, "percent_covered": 0.0, "percent_covered_display": "0", "missing_lines": 9, "excluded_lines": 0, "percent_statements_covered": 0.0, "percent_statements_covered_display": "0"}, "missing_lines": [1074, 1077, 1080, 1096, 1097, 1099, 1102, 1113, 1115], "excluded_lines": [], "start_line": 1060}, "ShotVersion.cleanup_old_versions": {"executed_lines": [], "summary": {"covered_lines": 0, "num_statements": 7, "percent_covered": 0.0, "percent_covered_display": "0", "missing_lines": 7, "excluded_lines": 0, "percent_statements_covered": 0.0, "percent_statements_covered_display": "0"}, "missing_lines": [1129, 1131, 1133, 1135, 1136, 1137, 1139], "excluded_lines": [], "start_line": 1118}, "ShotVersion.restore": {"executed_lines": [], "summary": {"covered_lines": 0, "num_statements": 17, "percent_covered": 0.0, "percent_covered_display": "0", "missing_lines": 17, "excluded_lines": 0, "percent_statements_covered": 0.0, "percent_statements_covered_display": "0"}, "missing_lines": [1150, 1151, 1154, 1155, 1156, 1157, 1158, 1159, 1160, 1161, 1162, 1163, 1164, 1165, 1167, 1170, 1176], "excluded_lines": [], "start_line": 1141}, "ShotVersion.compare_with": {"executed_lines": [], "summary": {"covered_lines": 0, "num_statements": 10, "percent_covered": 0.0, "percent_covered_display": "0", "missing_lines": 10, "excluded_lines": 0, "percent_statements_covered": 0.0, "percent_statements_covered_display": "0"}, "missing_lines": [1195, 1196, 1197, 1200, 1201, 1202, 1203, 1205, 1206, 1212], "excluded_lines": [], "start_line": 1178}, "ShotVersion.is_latest": {"executed_lines": [], "summary": {"covered_lines": 0, "num_statements": 2, "percent_covered": 0.0, "percent_covered_display": "0", "missing_lines": 2, "excluded_lines": 0, "percent_statements_covered": 0.0, "percent_statements_covered_display": "0"}, "missing_lines": [1217, 1222], "excluded_lines": [], "start_line": 1215}, "ChapterWorkflow.__str__": {"executed_lines": [], "summary": {"covered_lines": 0, "num_statements": 1, "percent_covered": 0.0, "percent_covered_display": "0", "missing_lines": 1, "excluded_lines": 0, "percent_statements_covered": 0.0, "percent_statements_covered_display": "0"}, "missing_lines": [1356], "excluded_lines": [], "start_line": 1355}, "ChapterWorkflow.start": {"executed_lines": [1360, 1361, 1362, 1365, 1371], "summary": {"covered_lines": 5, "num_statements": 5, "percent_covered": 100.0, "percent_covered_display": "100", "missing_lines": 0, "excluded_lines": 0, "percent_statements_covered": 100.0, "percent_statements_covered_display": "100"}, "missing_lines": [], "excluded_lines": [], "start_line": 1358}, "ChapterWorkflow.pause": {"executed_lines": [1375, 1376, 1377, 1378, 1380, 1386], "summary": {"covered_lines": 6, "num_statements": 6, "percent_covered": 100.0, "percent_covered_display": "100", "missing_lines": 0, "excluded_lines": 0, "percent_statements_covered": 100.0, "percent_statements_covered_display": "100"}, "missing_lines": [], "excluded_lines": [], "start_line": 1373}, "ChapterWorkflow.resume": {"executed_lines": [1390, 1392, 1393, 1395, 1401], "summary": {"covered_lines": 5, "num_statements": 6, "percent_covered": 83.33333333333333, "percent_covered_display": "83", "missing_lines": 1, "excluded_lines": 0, "percent_statements_covered": 83.33333333333333, "percent_statements_covered_display": "83"}, "missing_lines": [1391], "excluded_lines": [], "start_line": 1388}, "ChapterWorkflow.complete": {"executed_lines": [1405, 1406, 1407, 1408, 1410, 1416], "summary": {"covered_lines": 6, "num_statements": 6, "percent_covered": 100.0, "percent_covered_display": "100", "missing_lines": 0, "excluded_lines": 0, "percent_statements_covered": 100.0, "percent_statements_covered_display": "100"}, "missing_lines": [], "excluded_lines": [], "start_line": 1403}, "ChapterWorkflow.fail": {"executed_lines": [1420, 1421, 1422, 1423, 1425, 1432], "summary": {"covered_lines": 6, "num_statements": 6, "percent_covered": 100.0, "percent_covered_display": "100", "missing_lines": 0, "excluded_lines": 0, "percent_statements_covered": 100.0, "percent_statements_covered_display": "100"}, "missing_lines": [], "excluded_lines": [], "start_line": 1418}, "ChapterWorkflow.update_progress": {"executed_lines": [1436, 1437, 1440, 1441, 1444], "summary": {"covered_lines": 5, "num_statements": 5, "percent_covered": 100.0, "percent_covered_display": "100", "missing_lines": 0, "excluded_lines": 0, "percent_statements_covered": 100.0, "percent_statements_covered_display": "100"}, "missing_lines": [], "excluded_lines": [], "start_line": 1434}, "ChapterWorkflow.elapsed_seconds": {"executed_lines": [1449, 1450, 1451, 1452], "summary": {"covered_lines": 4, "num_statements": 4, "percent_covered": 100.0, "percent_covered_display": "100", "missing_lines": 0, "excluded_lines": 0, "percent_statements_covered": 100.0, "percent_statements_covered_display": "100"}, "missing_lines": [], "excluded_lines": [], "start_line": 1447}, "ChapterWorkflow.is_active": {"executed_lines": [1457], "summary": {"covered_lines": 1, "num_statements": 1, "percent_covered": 100.0, "percent_covered_display": "100", "missing_lines": 0, "excluded_lines": 0, "percent_statements_covered": 100.0, "percent_statements_covered_display": "100"}, "missing_lines": [], "excluded_lines": [], "start_line": 1455}, "ChapterWorkflow.soft_delete": {"executed_lines": [1461, 1462, 1463, 1464, 1465], "summary": {"covered_lines": 5, "num_statements": 5, "percent_covered": 100.0, "percent_covered_display": "100", "missing_lines": 0, "excluded_lines": 0, "percent_statements_covered": 100.0, "percent_statements_covered_display": "100"}, "missing_lines": [], "excluded_lines": [], "start_line": 1459}, "ChapterWorkflow.recover": {"executed_lines": [1469, 1470, 1471, 1472, 1473], "summary": {"covered_lines": 5, "num_statements": 5, "percent_covered": 100.0, "percent_covered_display": "100", "missing_lines": 0, "excluded_lines": 0, "percent_statements_covered": 100.0, "percent_statements_covered_display": "100"}, "missing_lines": [], "excluded_lines": [], "start_line": 1467}, "ChapterWorkflow.hard_delete": {"executed_lines": [1478], "summary": {"covered_lines": 1, "num_statements": 1, "percent_covered": 100.0, "percent_covered_display": "100", "missing_lines": 0, "excluded_lines": 0, "percent_statements_covered": 100.0, "percent_statements_covered_display": "100"}, "missing_lines": [], "excluded_lines": [], "start_line": 1475}, "WorkflowEvent.__str__": {"executed_lines": [], "summary": {"covered_lines": 0, "num_statements": 1, "percent_covered": 0.0, "percent_covered_display": "0", "missing_lines": 1, "excluded_lines": 0, "percent_statements_covered": 0.0, "percent_statements_covered_display": "0"}, "missing_lines": [1592], "excluded_lines": [], "start_line": 1591}, "WorkflowEvent.log_scene_started": {"executed_lines": [1597], "summary": {"covered_lines": 1, "num_statements": 1, "percent_covered": 100.0, "percent_covered_display": "100", "missing_lines": 0, "excluded_lines": 0, "percent_statements_covered": 100.0, "percent_statements_covered_display": "100"}, "missing_lines": [], "excluded_lines": [], "start_line": 1595}, "WorkflowEvent.log_scene_completed": {"executed_lines": [1608], "summary": {"covered_lines": 1, "num_statements": 1, "percent_covered": 100.0, "percent_covered_display": "100", "missing_lines": 0, "excluded_lines": 0, "percent_statements_covered": 100.0, "percent_statements_covered_display": "100"}, "missing_lines": [], "excluded_lines": [], "start_line": 1606}, "WorkflowEvent.log_scene_failed": {"executed_lines": [1619], "summary": {"covered_lines": 1, "num_statements": 1, "percent_covered": 100.0, "percent_covered_display": "100", "missing_lines": 0, "excluded_lines": 0, "percent_statements_covered": 100.0, "percent_statements_covered_display": "100"}, "missing_lines": [], "excluded_lines": [], "start_line": 1617}, "WorkflowEvent.soft_delete": {"executed_lines": [1630, 1632, 1633, 1634], "summary": {"covered_lines": 4, "num_statements": 5, "percent_covered": 80.0, "percent_covered_display": "80", "missing_lines": 1, "excluded_lines": 0, "percent_statements_covered": 80.0, "percent_statements_covered_display": "80"}, "missing_lines": [1631], "excluded_lines": [], "start_line": 1628}, "WorkflowEvent.recover": {"executed_lines": [1638, 1640, 1641, 1642], "summary": {"covered_lines": 4, "num_statements": 5, "percent_covered": 80.0, "percent_covered_display": "80", "missing_lines": 1, "excluded_lines": 0, "percent_statements_covered": 80.0, "percent_statements_covered_display": "80"}, "missing_lines": [1639], "excluded_lines": [], "start_line": 1636}, "WorkflowEvent.hard_delete": {"executed_lines": [1646], "summary": {"covered_lines": 1, "num_statements": 1, "percent_covered": 100.0, "percent_covered_display": "100", "missing_lines": 0, "excluded_lines": 0, "percent_statements_covered": 100.0, "percent_statements_covered_display": "100"}, "missing_lines": [], "excluded_lines": [], "start_line": 1644}, "": {"executed_lines": [24, 25, 27, 28, 29, 30, 31, 32, 35, 48, 51, 52, 54, 55, 58, 61, 62, 70, 82, 90, 91, 92, 97, 106, 107, 108, 109, 112, 115, 118, 123, 124, 126, 127, 128, 129, 130, 132, 135, 136, 144, 156, 161, 162, 163, 166, 167, 168, 171, 173, 174, 175, 176, 177, 178, 180, 184, 196, 203, 206, 209, 210, 213, 218, 221, 222, 224, 225, 226, 227, 228, 230, 233, 239, 251, 255, 264, 265, 266, 269, 270, 271, 274, 275, 278, 286, 292, 295, 298, 299, 301, 302, 303, 304, 305, 306, 308, 311, 333, 345, 350, 351, 356, 357, 358, 361, 362, 363, 366, 369, 374, 377, 380, 391, 399, 404, 405, 406, 410, 411, 412, 413, 414, 415, 417, 420, 439, 440, 450, 462, 467, 468, 471, 472, 475, 476, 479, 484, 487, 490, 495, 497, 498, 499, 500, 501, 502, 504, 508, 520, 529, 534, 535, 540, 543, 548, 551, 554, 557, 558, 560, 561, 562, 563, 564, 566, 569, 575, 587, 594, 603, 611, 614, 617, 618, 625, 628, 635, 638, 645, 650, 651, 657, 660, 662, 663, 664, 665, 667, 676, 688, 697, 702, 703, 708, 709, 712, 715, 716, 721, 730, 731, 732, 733, 734, 736, 739, 750, 762, 768, 780, 783, 784, 787, 788, 789, 792, 795, 796, 797, 799, 800, 801, 802, 803, 805, 815, 828, 836, 843, 849, 852, 857, 858, 859, 862, 863, 866, 868, 869, 870, 871, 872, 874, 881, 882, 888, 902, 915, 921, 927, 932, 933, 936, 939, 942, 945, 946, 948, 949, 950, 951, 952, 954, 961, 968, 973, 984, 996, 1004, 1005, 1010, 1017, 1025, 1030, 1039, 1045, 1046, 1047, 1048, 1049, 1050, 1051, 1056, 1059, 1060, 1117, 1118, 1141, 1178, 1214, 1215, 1230, 1246, 1248, 1249, 1250, 1251, 1252, 1255, 1263, 1271, 1279, 1288, 1295, 1300, 1307, 1312, 1319, 1325, 1333, 1338, 1344, 1345, 1346, 1347, 1348, 1349, 1355, 1358, 1373, 1388, 1403, 1418, 1434, 1446, 1447, 1454, 1455, 1459, 1467, 1475, 1481, 1496, 1499, 1500, 1501, 1502, 1503, 1504, 1507, 1508, 1509, 1510, 1513, 1514, 1517, 1525, 1532, 1535, 1543, 1553, 1559, 1567, 1572, 1578, 1579, 1580, 1581, 1583, 1584, 1591, 1594, 1595, 1605, 1606, 1616, 1617, 1628, 1636, 1644], "summary": {"covered_lines": 371, "num_statements": 371, "percent_covered": 100.0, "percent_covered_display": "100", "missing_lines": 0, "excluded_lines": 0, "percent_statements_covered": 100.0, "percent_statements_covered_display": "100"}, "missing_lines": [], "excluded_lines": [], "start_line": 1}}, "classes": {"TimeStampedModel": {"executed_lines": [], "summary": {"covered_lines": 0, "num_statements": 0, "percent_covered": 100.0, "percent_covered_display": "100", "missing_lines": 0, "excluded_lines": 0, "percent_statements_covered": 100.0, "percent_statements_covered_display": "100"}, "missing_lines": [], "excluded_lines": [], "start_line": 48}, "TimeStampedModel.Meta": {"executed_lines": [], "summary": {"covered_lines": 0, "num_statements": 0, "percent_covered": 100.0, "percent_covered_display": "100", "missing_lines": 0, "excluded_lines": 0, "percent_statements_covered": 100.0, "percent_statements_covered_display": "100"}, "missing_lines": [], "excluded_lines": [], "start_line": 54}, "EngineConfigModel": {"executed_lines": [], "summary": {"covered_lines": 0, "num_statements": 0, "percent_covered": 100.0, "percent_covered_display": "100", "missing_lines": 0, "excluded_lines": 0, "percent_statements_covered": 100.0, "percent_statements_covered_display": "100"}, "missing_lines": [], "excluded_lines": [], "start_line": 58}, "EngineConfigModel.Meta": {"executed_lines": [], "summary": {"covered_lines": 0, "num_statements": 0, "percent_covered": 100.0, "percent_covered_display": "100", "missing_lines": 0, "excluded_lines": 0, "percent_statements_covered": 100.0, "percent_statements_covered_display": "100"}, "missing_lines": [], "excluded_lines": [], "start_line": 61}, "Artwork": {"executed_lines": [], "summary": {"covered_lines": 0, "num_statements": 5, "percent_covered": 0.0, "percent_covered_display": "0", "missing_lines": 5, "excluded_lines": 0, "percent_statements_covered": 0.0, "percent_statements_covered_display": "0"}, "missing_lines": [133, 138, 139, 140, 141], "excluded_lines": [], "start_line": 70}, "Artwork.Meta": {"executed_lines": [], "summary": {"covered_lines": 0, "num_statements": 0, "percent_covered": 100.0, "percent_covered_display": "100", "missing_lines": 0, "excluded_lines": 0, "percent_statements_covered": 100.0, "percent_statements_covered_display": "100"}, "missing_lines": [], "excluded_lines": [], "start_line": 126}, "Chapter": {"executed_lines": [], "summary": {"covered_lines": 0, "num_statements": 1, "percent_covered": 0.0, "percent_covered_display": "0", "missing_lines": 1, "excluded_lines": 0, "percent_statements_covered": 0.0, "percent_statements_covered_display": "0"}, "missing_lines": [181], "excluded_lines": [], "start_line": 144}, "Chapter.Meta": {"executed_lines": [], "summary": {"covered_lines": 0, "num_statements": 0, "percent_covered": 100.0, "percent_covered_display": "100", "missing_lines": 0, "excluded_lines": 0, "percent_statements_covered": 100.0, "percent_statements_covered_display": "100"}, "missing_lines": [], "excluded_lines": [], "start_line": 173}, "PhysicalScene": {"executed_lines": [], "summary": {"covered_lines": 0, "num_statements": 3, "percent_covered": 0.0, "percent_covered_display": "0", "missing_lines": 3, "excluded_lines": 0, "percent_statements_covered": 0.0, "percent_statements_covered_display": "0"}, "missing_lines": [231, 235, 236], "excluded_lines": [], "start_line": 184}, "PhysicalScene.Meta": {"executed_lines": [], "summary": {"covered_lines": 0, "num_statements": 0, "percent_covered": 100.0, "percent_covered_display": "100", "missing_lines": 0, "excluded_lines": 0, "percent_statements_covered": 100.0, "percent_statements_covered_display": "100"}, "missing_lines": [], "excluded_lines": [], "start_line": 224}, "ScriptScene": {"executed_lines": [], "summary": {"covered_lines": 0, "num_statements": 8, "percent_covered": 0.0, "percent_covered_display": "0", "missing_lines": 8, "excluded_lines": 0, "percent_statements_covered": 0.0, "percent_statements_covered_display": "0"}, "missing_lines": [309, 319, 321, 324, 325, 328, 329, 330], "excluded_lines": [], "start_line": 239}, "ScriptScene.Meta": {"executed_lines": [], "summary": {"covered_lines": 0, "num_statements": 0, "percent_covered": 100.0, "percent_covered_display": "100", "missing_lines": 0, "excluded_lines": 0, "percent_statements_covered": 100.0, "percent_statements_covered_display": "100"}, "missing_lines": [], "excluded_lines": [], "start_line": 301}, "Shot": {"executed_lines": [], "summary": {"covered_lines": 0, "num_statements": 8, "percent_covered": 0.0, "percent_covered_display": "0", "missing_lines": 8, "excluded_lines": 0, "percent_statements_covered": 0.0, "percent_statements_covered_display": "0"}, "missing_lines": [418, 428, 431, 432, 433, 434, 435, 442], "excluded_lines": [], "start_line": 333}, "Shot.Meta": {"executed_lines": [], "summary": {"covered_lines": 0, "num_statements": 0, "percent_covered": 100.0, "percent_covered_display": "100", "missing_lines": 0, "excluded_lines": 0, "percent_statements_covered": 100.0, "percent_statements_covered_display": "100"}, "missing_lines": [], "excluded_lines": [], "start_line": 410}, "CharacterProfile": {"executed_lines": [], "summary": {"covered_lines": 0, "num_statements": 1, "percent_covered": 0.0, "percent_covered_display": "0", "missing_lines": 1, "excluded_lines": 0, "percent_statements_covered": 0.0, "percent_statements_covered_display": "0"}, "missing_lines": [505], "excluded_lines": [], "start_line": 450}, "CharacterProfile.Meta": {"executed_lines": [], "summary": {"covered_lines": 0, "num_statements": 0, "percent_covered": 100.0, "percent_covered_display": "100", "missing_lines": 0, "excluded_lines": 0, "percent_statements_covered": 100.0, "percent_statements_covered_display": "100"}, "missing_lines": [], "excluded_lines": [], "start_line": 497}, "CharacterPose": {"executed_lines": [], "summary": {"covered_lines": 0, "num_statements": 3, "percent_covered": 0.0, "percent_covered_display": "0", "missing_lines": 3, "excluded_lines": 0, "percent_statements_covered": 0.0, "percent_statements_covered_display": "0"}, "missing_lines": [567, 571, 572], "excluded_lines": [], "start_line": 508}, "CharacterPose.Meta": {"executed_lines": [], "summary": {"covered_lines": 0, "num_statements": 0, "percent_covered": 100.0, "percent_covered_display": "100", "missing_lines": 0, "excluded_lines": 0, "percent_statements_covered": 100.0, "percent_statements_covered_display": "100"}, "missing_lines": [], "excluded_lines": [], "start_line": 560}, "CharacterVoiceConfig": {"executed_lines": [], "summary": {"covered_lines": 0, "num_statements": 1, "percent_covered": 0.0, "percent_covered_display": "0", "missing_lines": 1, "excluded_lines": 0, "percent_statements_covered": 0.0, "percent_statements_covered_display": "0"}, "missing_lines": [668], "excluded_lines": [], "start_line": 575}, "CharacterVoiceConfig.Meta": {"executed_lines": [], "summary": {"covered_lines": 0, "num_statements": 0, "percent_covered": 100.0, "percent_covered_display": "100", "missing_lines": 0, "excluded_lines": 0, "percent_statements_covered": 100.0, "percent_statements_covered_display": "100"}, "missing_lines": [], "excluded_lines": [], "start_line": 662}, "ItemProfile": {"executed_lines": [], "summary": {"covered_lines": 0, "num_statements": 3, "percent_covered": 0.0, "percent_covered_display": "0", "missing_lines": 3, "excluded_lines": 0, "percent_statements_covered": 0.0, "percent_statements_covered_display": "0"}, "missing_lines": [737, 741, 742], "excluded_lines": [], "start_line": 676}, "ItemProfile.Meta": {"executed_lines": [], "summary": {"covered_lines": 0, "num_statements": 0, "percent_covered": 100.0, "percent_covered_display": "100", "missing_lines": 0, "excluded_lines": 0, "percent_statements_covered": 100.0, "percent_statements_covered_display": "100"}, "missing_lines": [], "excluded_lines": [], "start_line": 730}, "EngineConfiguration": {"executed_lines": [], "summary": {"covered_lines": 0, "num_statements": 2, "percent_covered": 0.0, "percent_covered_display": "0", "missing_lines": 2, "excluded_lines": 0, "percent_statements_covered": 0.0, "percent_statements_covered_display": "0"}, "missing_lines": [806, 807], "excluded_lines": [], "start_line": 750}, "EngineConfiguration.Meta": {"executed_lines": [], "summary": {"covered_lines": 0, "num_statements": 0, "percent_covered": 100.0, "percent_covered_display": "100", "missing_lines": 0, "excluded_lines": 0, "percent_statements_covered": 100.0, "perce
[...]
ulk_update_sort": {"executed_lines": [], "summary": {"covered_lines": 0, "num_statements": 14, "percent_covered": 0.0, "percent_covered_display": "0", "missing_lines": 14, "excluded_lines": 0, "percent_statements_covered": 0.0, "percent_statements_covered_display": "0"}, "missing_lines": [480, 482, 483, 485, 486, 487, 488, 489, 490, 491, 492, 493, 495, 496], "excluded_lines": [], "start_line": 478}, "ShotViewSet.bulk_delete": {"executed_lines": [], "summary": {"covered_lines": 0, "num_statements": 5, "percent_covered": 0.0, "percent_covered_display": "0", "missing_lines": 5, "excluded_lines": 0, "percent_statements_covered": 0.0, "percent_statements_covered_display": "0"}, "missing_lines": [501, 502, 503, 507, 509], "excluded_lines": [], "start_line": 499}, "ShotViewSet.bulk_update_pose": {"executed_lines": [], "summary": {"covered_lines": 0, "num_statements": 8, "percent_covered": 0.0, "percent_covered_display": "0", "missing_lines": 8, "excluded_lines": 0, "percent_statements_covered": 0.0, "percent_statements_covered_display": "0"}, "missing_lines": [514, 515, 517, 518, 520, 523, 524, 526], "excluded_lines": [], "start_line": 512}, "ShotViewSet.bulk_regenerate": {"executed_lines": [], "summary": {"covered_lines": 0, "num_statements": 12, "percent_covered": 0.0, "percent_covered_display": "0", "missing_lines": 12, "excluded_lines": 0, "percent_statements_covered": 0.0, "percent_statements_covered_display": "0"}, "missing_lines": [542, 544, 545, 546, 550, 551, 552, 555, 556, 562, 565, 572], "excluded_lines": [], "start_line": 529}, "ShotViewSet.bulk_move": {"executed_lines": [], "summary": {"covered_lines": 0, "num_statements": 11, "percent_covered": 0.0, "percent_covered_display": "0", "missing_lines": 11, "excluded_lines": 0, "percent_statements_covered": 0.0, "percent_statements_covered_display": "0"}, "missing_lines": [587, 589, 590, 591, 593, 594, 598, 599, 604, 605, 611], "excluded_lines": [], "start_line": 575}, "ShotViewSet.bulk_delete_enhanced": {"executed_lines": [], "summary": {"covered_lines": 0, "num_statements": 7, "percent_covered": 0.0, "percent_covered_display": "0", "missing_lines": 7, "excluded_lines": 0, "percent_statements_covered": 0.0, "percent_statements_covered_display": "0"}, "missing_lines": [624, 626, 627, 628, 633, 634, 636], "excluded_lines": [], "start_line": 614}, "ShotViewSet.bulk_update_character": {"executed_lines": [], "summary": {"covered_lines": 0, "num_statements": 8, "percent_covered": 0.0, "percent_covered_display": "0", "missing_lines": 8, "excluded_lines": 0, "percent_statements_covered": 0.0, "percent_statements_covered_display": "0"}, "missing_lines": [650, 652, 653, 655, 656, 661, 664, 668], "excluded_lines": [], "start_line": 639}, "ShotViewSet.regenerate": {"executed_lines": [], "summary": {"covered_lines": 0, "num_statements": 17, "percent_covered": 0.0, "percent_covered_display": "0", "missing_lines": 17, "excluded_lines": 0, "percent_statements_covered": 0.0, "percent_statements_covered_display": "0"}, "missing_lines": [680, 682, 685, 686, 688, 689, 690, 693, 694, 695, 696, 697, 698, 701, 706, 709, 713], "excluded_lines": [], "start_line": 671}, "GenerationProgressViewSet.get_queryset": {"executed_lines": [], "summary": {"covered_lines": 0, "num_statements": 1, "percent_covered": 0.0, "percent_covered_display": "0", "missing_lines": 1, "excluded_lines": 0, "percent_statements_covered": 0.0, "percent_statements_covered_display": "0"}, "missing_lines": [741], "excluded_lines": [], "start_line": 739}, "GenerationProgressViewSet.get_serializer_class": {"executed_lines": [], "summary": {"covered_lines": 0, "num_statements": 2, "percent_covered": 0.0, "percent_covered_display": "0", "missing_lines": 2, "excluded_lines": 0, "percent_statements_covered": 0.0, "percent_statements_covered_display": "0"}, "missing_lines": [745, 746], "excluded_lines": [], "start_line": 743}, "ShotVersionViewSet.get_queryset": {"executed_lines": [], "summary": {"covered_lines": 0, "num_statements": 5, "percent_covered": 0.0, "percent_covered_display": "0", "missing_lines": 5, "excluded_lines": 0, "percent_statements_covered": 0.0, "percent_statements_covered_display": "0"}, "missing_lines": [766, 767, 770, 771, 772], "excluded_lines": [], "start_line": 763}, "ShotVersionViewSet.get_serializer_class": {"executed_lines": [], "summary": {"covered_lines": 0, "num_statements": 3, "percent_covered": 0.0, "percent_covered_display": "0", "missing_lines": 3, "excluded_lines": 0, "percent_statements_covered": 0.0, "percent_statements_covered_display": "0"}, "missing_lines": [776, 777, 778], "excluded_lines": [], "start_line": 774}, "ShotVersionViewSet.restore": {"executed_lines": [], "summary": {"covered_lines": 0, "num_statements": 7, "percent_covered": 0.0, "percent_covered_display": "0", "missing_lines": 7, "excluded_lines": 0, "percent_statements_covered": 0.0, "percent_statements_covered_display": "0"}, "missing_lines": [787, 789, 790, 791, 792, 798, 799], "excluded_lines": [], "start_line": 781}, "ShotVersionViewSet.compare": {"executed_lines": [], "summary": {"covered_lines": 0, "num_statements": 10, "percent_covered": 0.0, "percent_covered_display": "0", "missing_lines": 10, "excluded_lines": 0, "percent_statements_covered": 0.0, "percent_statements_covered_display": "0"}, "missing_lines": [815, 816, 818, 819, 824, 825, 826, 827, 832, 834], "excluded_lines": [], "start_line": 805}, "ShotVersionViewSet.create_snapshot": {"executed_lines": [], "summary": {"covered_lines": 0, "num_statements": 11, "percent_covered": 0.0, "percent_covered_display": "0", "missing_lines": 11, "excluded_lines": 0, "percent_statements_covered": 0.0, "percent_statements_covered_display": "0"}, "missing_lines": [854, 855, 857, 858, 863, 864, 865, 866, 871, 878, 879], "excluded_lines": [], "start_line": 843}, "ComfyUIViewSet.__init__": {"executed_lines": [], "summary": {"covered_lines": 0, "num_statements": 3, "percent_covered": 0.0, "percent_covered_display": "0", "missing_lines": 3, "excluded_lines": 0, "percent_statements_covered": 0.0, "percent_statements_covered_display": "0"}, "missing_lines": [914, 916, 917], "excluded_lines": [], "start_line": 913}, "ComfyUIViewSet.health": {"executed_lines": [], "summary": {"covered_lines": 0, "num_statements": 3, "percent_covered": 0.0, "percent_covered_display": "0", "missing_lines": 3, "excluded_lines": 0, "percent_statements_covered": 0.0, "percent_statements_covered_display": "0"}, "missing_lines": [934, 936, 937], "excluded_lines": [], "start_line": 920}, "ComfyUIViewSet.generate_image": {"executed_lines": [], "summary": {"covered_lines": 0, "num_statements": 7, "percent_covered": 0.0, "percent_covered_display": "0", "missing_lines": 7, "excluded_lines": 0, "percent_statements_covered": 0.0, "percent_statements_covered_display": "0"}, "missing_lines": [957, 958, 960, 961, 966, 971, 972], "excluded_lines": [], "start_line": 940}, "ComfyUIViewSet.generate_video": {"executed_lines": [], "summary": {"covered_lines": 0, "num_statements": 7, "percent_covered": 0.0, "percent_covered_display": "0", "missing_lines": 7, "excluded_lines": 0, "percent_statements_covered": 0.0, "percent_statements_covered_display": "0"}, "missing_lines": [992, 993, 995, 996, 1001, 1006, 1007], "excluded_lines": [], "start_line": 975}, "ComfyUIViewSet.batch_generate": {"executed_lines": [], "summary": {"covered_lines": 0, "num_statements": 6, "percent_covered": 0.0, "percent_covered_display": "0", "missing_lines": 6, "excluded_lines": 0, "percent_statements_covered": 0.0, "percent_statements_covered_display": "0"}, "missing_lines": [1028, 1029, 1031, 1032, 1037, 1042], "excluded_lines": [], "start_line": 1010}, "ComfyUIViewSet.models": {"executed_lines": [], "summary": {"covered_lines": 0, "num_statements": 2, "percent_covered": 0.0, "percent_covered_display": "0", "missing_lines": 2, "excluded_lines": 0, "percent_statements_covered": 0.0, "percent_statements_covered_display": "0"}, "missing_lines": [1054, 1055], "excluded_lines": [], "start_line": 1045}, "ComfyUIViewSet.workflows": {"executed_lines": [], "summary": {"covered_lines": 0, "num_statements": 9, "percent_covered": 0.0, "percent_covered_display": "0", "missing_lines": 9, "excluded_lines": 0, "percent_statements_covered": 0.0, "percent_statements_covered_display": "0"}, "missing_lines": [1072, 1074, 1075, 1085, 1086, 1096, 1097, 1108, 1113], "excluded_lines": [], "start_line": 1058}, "ComfyUIViewSet.create_workflow": {"executed_lines": [], "summary": {"covered_lines": 0, "num_statements": 9, "percent_covered": 0.0, "percent_covered_display": "0", "missing_lines": 9, "excluded_lines": 1, "percent_statements_covered": 0.0, "percent_statements_covered_display": "0"}, "missing_lines": [1135, 1137, 1138, 1144, 1145, 1151, 1152, 1159, 1164], "excluded_lines": [1117], "start_line": 1116}, "ScriptParserViewSet.__init__": {"executed_lines": [], "summary": {"covered_lines": 0, "num_statements": 3, "percent_covered": 0.0, "percent_covered_display": "0", "missing_lines": 3, "excluded_lines": 0, "percent_statements_covered": 0.0, "percent_statements_covered_display": "0"}, "missing_lines": [1195, 1197, 1198], "excluded_lines": [], "start_line": 1194}, "ScriptParserViewSet.parse": {"executed_lines": [], "summary": {"covered_lines": 0, "num_statements": 10, "percent_covered": 0.0, "percent_covered_display": "0", "missing_lines": 10, "excluded_lines": 0, "percent_statements_covered": 0.0, "percent_statements_covered_display": "0"}, "missing_lines": [1223, 1224, 1225, 1227, 1228, 1234, 1235, 1237, 1239, 1240], "excluded_lines": [], "start_line": 1201}, "ScriptParserViewSet.characters": {"executed_lines": [], "summary": {"covered_lines": 0, "num_statements": 5, "percent_covered": 0.0, "percent_covered_display": "0", "missing_lines": 5, "excluded_lines": 0, "percent_statements_covered": 0.0, "percent_statements_covered_display": "0"}, "missing_lines": [1258, 1260, 1261, 1266, 1268], "excluded_lines": [], "start_line": 1243}, "ScriptParserViewSet.scenes": {"executed_lines": [], "summary": {"covered_lines": 0, "num_statements": 5, "percent_covered": 0.0, "percent_covered_display": "0", "missing_lines": 5, "excluded_lines": 0, "percent_statements_covered": 0.0, "percent_statements_covered_display": "0"}, "missing_lines": [1290, 1292, 1293, 1298, 1300], "excluded_lines": [], "start_line": 1275}, "ScriptParserViewSet.items": {"executed_lines": [], "summary": {"covered_lines": 0, "num_statements": 5, "percent_covered": 0.0, "percent_covered_display": "0", "missing_lines": 5, "excluded_lines": 0, "percent_statements_covered": 0.0, "percent_statements_covered_display": "0"}, "missing_lines": [1322, 1324, 1325, 1330, 1332], "excluded_lines": [], "start_line": 1307}, "ScriptParserViewSet.recommend_poses": {"executed_lines": [], "summary": {"covered_lines": 0, "num_statements": 7, "percent_covered": 0.0, "percent_covered_display": "0", "missing_lines": 7, "excluded_lines": 0, "percent_statements_covered": 0.0, "percent_statements_covered_display": "0"}, "missing_lines": [1361, 1362, 1364, 1365, 1370, 1372, 1373], "excluded_lines": [], "start_line": 1339}, "ScriptParserViewSet.split_chapters": {"executed_lines": [], "summary": {"covered_lines": 0, "num_statements": 5, "percent_covered": 0.0, "percent_covered_display": "0", "missing_lines": 5, "excluded_lines": 0, "percent_statements_covered": 0.0, "percent_statements_covered_display": "0"}, "missing_lines": [1397, 1399, 1400, 1405, 1407], "excluded_lines": [], "start_line": 1376}, "ScriptParserViewSet.health": {"executed_lines": [], "summary": {"covered_lines": 0, "num_statements": 11, "percent_covered": 0.0, "percent_covered_display": "0", "missing_lines": 11, "excluded_lines": 0, "percent_statements_covered": 0.0, "percent_statements_covered_display": "0"}, "missing_lines": [1424, 1426, 1427, 1428, 1430, 1431, 1434, 1436, 1438, 1446, 1447], "excluded_lines": [], "start_line": 1414}, "": {"executed_lines": [], "summary": {"covered_lines": 0, "num_statements": 169, "percent_covered": 0.0, "percent_covered_display": "0", "missing_lines": 169, "excluded_lines": 0, "percent_statements_covered": 0.0, "percent_statements_covered_display": "0"}, "missing_lines": [11, 12, 13, 14, 15, 16, 18, 29, 47, 55, 56, 57, 58, 59, 60, 62, 66, 72, 73, 80, 81, 89, 101, 102, 103, 104, 105, 106, 108, 118, 124, 125, 143, 144, 173, 174, 186, 187, 204, 216, 217, 218, 219, 220, 221, 223, 227, 231, 238, 239, 254, 255, 262, 263, 276, 288, 289, 290, 291, 292, 294, 298, 302, 303, 310, 322, 323, 324, 325, 326, 327, 329, 333, 337, 338, 346, 358, 359, 360, 361, 362, 363, 365, 371, 377, 378, 419, 420, 446, 458, 459, 460, 461, 462, 463, 465, 471, 477, 478, 498, 499, 511, 512, 528, 529, 574, 575, 613, 614, 638, 639, 670, 671, 725, 733, 734, 735, 736, 737, 739, 743, 749, 757, 758, 759, 760, 761, 763, 774, 780, 781, 804, 805, 842, 843, 891, 911, 913, 919, 920, 939, 940, 974, 975, 1009, 1010, 1044, 1045, 1057, 1058, 1115, 1116, 1173, 1192, 1194, 1200, 1201, 1242, 1243, 1274, 1275, 1306, 1307, 1338, 1339, 1375, 1376, 1413, 1414], "excluded_lines": [], "start_line": 1}}, "classes": {"ArtworkViewSet": {"executed_lines": [], "summary": {"covered_lines": 0, "num_statements": 12, "percent_covered": 0.0, "percent_covered_display": "0", "missing_lines": 12, "excluded_lines": 0, "percent_statements_covered": 0.0, "percent_statements_covered_display": "0"}, "missing_lines": [64, 68, 69, 70, 75, 76, 77, 78, 83, 84, 85, 86], "excluded_lines": [], "start_line": 47}, "CharacterProfileViewSet": {"executed_lines": [], "summary": {"covered_lines": 0, "num_statements": 49, "percent_covered": 0.0, "percent_covered_display": "0", "missing_lines": 49, "excluded_lines": 0, "percent_statements_covered": 0.0, "percent_statements_covered_display": "0"}, "missing_lines": [110, 113, 114, 115, 116, 120, 121, 122, 127, 129, 130, 131, 132, 134, 135, 138, 139, 140, 141, 146, 148, 149, 150, 151, 153, 154, 155, 156, 157, 159, 160, 161, 165, 166, 168, 169, 170, 171, 176, 177, 178, 182, 184, 189, 190, 192, 193, 197, 201], "excluded_lines": [], "start_line": 89}, "CharacterPoseViewSet": {"executed_lines": [], "summary": {"covered_lines": 0, "num_statements": 22, "percent_covered": 0.0, "percent_covered_display": "0", "missing_lines": 22, "excluded_lines": 0, "percent_statements_covered": 0.0, "percent_statements_covered_display": "0"}, "missing_lines": [225, 229, 233, 234, 235, 236, 241, 242, 245, 248, 249, 251, 252, 257, 258, 259, 260, 265, 266, 267, 271, 273], "excluded_lines": [], "start_line": 204}, "CharacterVoiceConfigViewSet": {"executed_lines": [], "summary": {"covered_lines": 0, "num_statements": 4, "percent_covered": 0.0, "percent_covered_display": "0", "missing_lines": 4, "excluded_lines": 0, "percent_statements_covered": 0.0, "percent_statements_covered_display": "0"}, "missing_lines": [296, 300, 305, 307], "excluded_lines": [], "start_line": 276}, "ItemProfileViewSet": {"executed_lines": [], "summary": {"covered_lines": 0, "num_statements": 6, "percent_covered": 0.0, "percent_covered_display": "0", "missing_lines": 6, "excluded_lines": 0, "percent_statements_covered": 0.0, "percent_statements_covered_display": "0"}, "missing_lines": [331, 335, 340, 341, 342, 343], "excluded_lines": [], "start_line": 310}, "ScriptSceneViewSet": {"executed_lines": [], "summary": {"covered_lines": 0, "num_statements": 25, "percent_covered": 0.0, "percent_covered_display": "0", "missing_lines": 25, "excluded_lines": 0, "percent_statements_covered": 0.0, "percent_statements_covered_display": "0"}, "missing_lines": [367, 373, 374, 375, 390, 392, 393, 394, 396, 397, 400, 404, 406, 407, 408, 409, 411, 417, 430, 432, 433, 434, 438, 439, 443], "excluded_lines": [], "start_line": 346}, "ShotViewSet": {"executed_lines": [], "summary": {"covered_lines": 0, "num_statements": 86, "percent_covered": 0.0, "percent_covered_display": "0", "missing_lines": 86, "excluded_lines": 0, "percent_statements_covered": 0.0, "percent_statements_covered_display": "0"}, "missing_lines": [467, 473, 474, 475, 480, 482, 483, 485, 486, 487, 488, 489, 490, 491, 492, 493, 495, 496, 501, 502, 503, 507, 509, 514, 515, 517, 518, 520, 523, 524, 526, 542, 544, 545, 546, 550, 551, 552, 555, 556, 562, 565, 572, 587, 589, 590, 591, 593, 594, 598, 599, 604, 605, 611, 624, 626, 627, 628, 633, 634, 636, 650, 652, 653, 655, 656, 661, 664, 668, 680, 682, 685, 686, 688, 689, 690, 693, 694, 695, 696, 697, 698, 701, 706, 709, 713], "excluded_lines": [], "start_line": 446}, "GenerationProgressViewSet": {"executed_lines": [], "summary": {"covered_lines": 0, "num_statements": 3, "percent_covered": 0.0, "percent_covered_display": "0", "missing_lines": 3, "excluded_lines": 0, "percent_statements_covered": 0.0, "percent_statements_covered_display": "0"}, "missing_lines": [741, 745, 746], "excluded_lines": [], "start_line": 725}, "ShotVersionViewSet": {"executed_lines": [], "summary": {"covered_lines": 0, "num_statements": 36, "percent_covered": 0.0, "percent_covered_display": "0", "missing_lines": 36, "excluded_lines": 0, "percent_statements_covered": 0.0, "percent_statements_covered_display": "0"}, "missing_lines": [766, 767, 770, 771, 772, 776, 777, 778, 787, 789, 790, 791, 792, 798, 799, 815, 816, 818, 819, 824, 825, 826, 827, 832, 834, 854, 855, 857, 858, 863, 864, 865, 866, 871, 878, 879], "excluded_lines": [], "start_line": 749}, "ComfyUIViewSet": {"executed_lines": [], "summary": {"covered_lines": 0, "num_statements": 46, "percent_covered": 0.0, "percent_covered_display": "0", "missing_lines": 46, "excluded_lines": 1, "percent_statements_covered": 0.0, "percent_statements_covered_display": "0"}, "missing_lines": [914, 916, 917, 934, 936, 937, 957, 958, 960, 961, 966, 971, 972, 992, 993, 995, 996, 1001, 1006, 1007, 1028, 1029, 1031, 1032, 1037, 1042, 1054, 1055, 1072, 1074, 1075, 1085, 1086, 1096, 1097, 1108, 1113, 1135, 1137, 1138, 1144, 1145, 1151, 1152, 1159, 1164], "excluded_lines": [1117], "start_line": 891}, "ScriptParserViewSet": {"executed_lines": [], "summary": {"covered_lines": 0, "num_statements": 51, "percent_covered": 0.0, "percent_covered_display": "0", "missing_lines": 51, "excluded_lines": 0, "percent_statements_covered": 0.0, "percent_statements_covered_display": "0"}, "missing_lines": [1195, 1197, 1198, 1223, 1224, 1225, 1227, 1228, 1234, 1235, 1237, 1239, 1240, 1258, 1260, 1261, 1266, 1268, 1290, 1292, 1293, 1298, 1300, 1322, 1324, 1325, 1330, 1332, 1361, 1362, 1364, 1365, 1370, 1372, 1373, 1397, 1399, 1400, 1405, 1407, 1424, 1426, 1427, 1428, 1430, 1431, 1434, 1436, 1438, 1446, 1447], "excluded_lines": [], "start_line": 1173}, "": {"executed_lines": [], "summary": {"covered_lines": 0, "num_statements": 169, "percent_covered": 0.0, "percent_covered_display": "0", "missing_lines": 169, "excluded_lines": 0, "percent_statements_covered": 0.0, "percent_statements_covered_display": "0"}, "missing_lines": [11, 12, 13, 14, 15, 16, 18, 29, 47, 55, 56, 57, 58, 59, 60, 62, 66, 72, 73, 80, 81, 89, 101, 102, 103, 104, 105, 106, 108, 118, 124, 125, 143, 144, 173, 174, 186, 187, 204, 216, 217, 218, 219, 220, 221, 223, 227, 231, 238, 239, 254, 255, 262, 263, 276, 288, 289, 290, 291, 292, 294, 298, 302, 303, 310, 322, 323, 324, 325, 326, 327, 329, 333, 337, 338, 346, 358, 359, 360, 361, 362, 363, 365, 371, 377, 378, 419, 420, 446, 458, 459, 460, 461, 462, 463, 465, 471, 477, 478, 498, 499, 511, 512, 528, 529, 574, 575, 613, 614, 638, 639, 670, 671, 725, 733, 734, 735, 736, 737, 739, 743, 749, 757, 758, 759, 760, 761, 763, 774, 780, 781, 804, 805, 842, 843, 891, 911, 913, 919, 920, 939, 940, 974, 975, 1009, 1010, 1044, 1045, 1057, 1058, 1115, 1116, 1173, 1192, 1194, 1200, 1201, 1242, 1243, 1274, 1275, 1306, 1307, 1338, 1339, 1375, 1376, 1413, 1414], "excluded_lines": [], "start_line": 1}}}}, "totals": {"covered_lines": 859, "num_statements": 4148, "percent_covered": 20.70877531340405, "percent_covered_display": "21", "missing_lines": 3289, "excluded_lines": 1, "percent_statements_covered": 20.70877531340405, "percent_statements_covered_display": "21"}}